2022-11-22 14:11:51,464 [INFO] Activator:177 - 


2022-11-22 14:11:51,465 [INFO] Activator:178 - !SESSION log4j initialized
2022-11-22 14:12:15,461 [ERROR] LogOutputStream:74 - [STDERR_REDIRECT] SLF4J: Failed to load class "org.slf4j.impl.StaticLoggerBinder".
2022-11-22 14:12:15,462 [ERROR] LogOutputStream:74 - [STDERR_REDIRECT] SLF4J: Defaulting to no-operation (NOP) logger implementation
2022-11-22 14:12:15,463 [ERROR] LogOutputStream:74 - [STDERR_REDIRECT] SLF4J: See http://www.slf4j.org/codes.html#StaticLoggerBinder for further details.
2022-11-22 14:13:09,259 [INFO] McuFinderGlobals:44 - Set McuFinder mode to 2 (CubeIDE integrated)
2022-11-22 14:13:09,789 [INFO] ApplicationProperties:181 - Using Application install path: C:\ST\STM32CubeIDE_1.10.1\STM32CubeIDE\plugins\com.st.stm32cube.common.mx_6.6.1.202207061420
2022-11-22 14:13:09,822 [INFO] DbMcusXml:77 - Set database path to: C:\ST\STM32CubeIDE_1.10.1\STM32CubeIDE\plugins\com.st.stm32cube.common.mx_6.6.1.202207061420\\db\/mcu/
2022-11-22 14:13:09,822 [INFO] ApiDb:269 - Set plugin database path to: C:\ST\STM32CubeIDE_1.10.1\STM32CubeIDE\plugins\com.st.stm32cube.common.mx_6.6.1.202207061420\\db\/plugins/boardmanager/
2022-11-22 14:13:09,825 [WARN] ApiDb:254 - Overriding images path with different value:  => C:\ST\STM32CubeIDE_1.10.1\STM32CubeIDE\plugins\com.st.stm32cube.common.mx_6.6.1.202207061420\\db\/plugins/mcufinder/images/
2022-11-22 14:13:09,840 [INFO] ApiDb:249 - Set database path to: C:\Users\yoojihyeon\.stmcufinder\plugins\mcufinder//mcu/
2022-11-22 14:13:09,844 [INFO] DbMcusAds:124 - Set database path to: C:\Users\yoojihyeon\.stmcufinder\plugins\mcufinder//mcu/
2022-11-22 14:13:09,868 [INFO] CrossReferenceDbSqlite:201 - Set database path to: C:\Users\yoojihyeon\.stmcufinder\plugins\mcufinder//mcu/cs/
2022-11-22 14:13:09,992 [INFO] RulesReader:61 - Compatibility file has been processed (282 Rules)
2022-11-22 14:13:10,091 [INFO] DbMcusXml:77 - Set database path to: C:\ST\STM32CubeIDE_1.10.1\STM32CubeIDE\plugins\com.st.stm32cube.common.mx_6.6.1.202207061420\\db\/mcu/
2022-11-22 14:13:10,092 [INFO] ApiDb:269 - Set plugin database path to: C:\ST\STM32CubeIDE_1.10.1\STM32CubeIDE\plugins\com.st.stm32cube.common.mx_6.6.1.202207061420\\db\/plugins/boardmanager/
2022-11-22 14:13:10,092 [INFO] ApiDb:256 - Set plugin images path to: C:\ST\STM32CubeIDE_1.10.1\STM32CubeIDE\plugins\com.st.stm32cube.common.mx_6.6.1.202207061420\\db\/plugins/mcufinder/images/
2022-11-22 14:13:10,092 [WARN] DbFile:40 - Overriding database path with different value: C:\Users\yoojihyeon\.stmcufinder\plugins\mcufinder/ => C:\Users\yoojihyeon\.stmcufinder\plugins\mcufinder
2022-11-22 14:13:10,092 [INFO] ApiDb:249 - Set database path to: C:\Users\yoojihyeon\.stmcufinder\plugins\mcufinder//mcu/
2022-11-22 14:13:10,093 [WARN] DbFile:40 - Overriding database path with different value: C:\Users\yoojihyeon\.stmcufinder\plugins\mcufinder/ => C:\Users\yoojihyeon\.stmcufinder\plugins\mcufinder
2022-11-22 14:13:10,093 [INFO] DbMcusAds:124 - Set database path to: C:\Users\yoojihyeon\.stmcufinder\plugins\mcufinder//mcu/
2022-11-22 14:13:10,094 [WARN] DbFile:40 - Overriding database path with different value: C:\Users\yoojihyeon\.stmcufinder\plugins\mcufinder/ => C:\Users\yoojihyeon\.stmcufinder\plugins\mcufinder
2022-11-22 14:13:10,094 [WARN] DbFile:40 - Overriding database path with different value: C:\Users\yoojihyeon\.stmcufinder\plugins\mcufinder/ => C:\Users\yoojihyeon\.stmcufinder\plugins\mcufinder
2022-11-22 14:13:10,094 [INFO] CrossReferenceDbSqlite:201 - Set database path to: C:\Users\yoojihyeon\.stmcufinder\plugins\mcufinder//mcu/cs/
2022-11-22 14:13:10,167 [INFO] MainPanel:242 - HeapMemory: 372244480
2022-11-22 14:13:10,235 [INFO] DbMcusXml:77 - Set database path to: C:\ST\STM32CubeIDE_1.10.1\STM32CubeIDE\plugins\com.st.stm32cube.common.mx_6.6.1.202207061420\\db\/mcu/
2022-11-22 14:13:10,235 [INFO] ApiDb:269 - Set plugin database path to: C:\ST\STM32CubeIDE_1.10.1\STM32CubeIDE\plugins\com.st.stm32cube.common.mx_6.6.1.202207061420\\db\/plugins/boardmanager/
2022-11-22 14:13:10,235 [INFO] ApiDb:256 - Set plugin images path to: C:\ST\STM32CubeIDE_1.10.1\STM32CubeIDE\plugins\com.st.stm32cube.common.mx_6.6.1.202207061420\\db\/plugins/mcufinder/images/
2022-11-22 14:13:10,236 [WARN] DbFile:40 - Overriding database path with different value: C:\Users\yoojihyeon\.stmcufinder\plugins\mcufinder/ => C:\Users\yoojihyeon\.stmcufinder\plugins\mcufinder
2022-11-22 14:13:10,236 [INFO] ApiDb:249 - Set database path to: C:\Users\yoojihyeon\.stmcufinder\plugins\mcufinder//mcu/
2022-11-22 14:13:10,236 [WARN] DbFile:40 - Overriding database path with different value: C:\Users\yoojihyeon\.stmcufinder\plugins\mcufinder/ => C:\Users\yoojihyeon\.stmcufinder\plugins\mcufinder
2022-11-22 14:13:10,236 [INFO] DbMcusAds:124 - Set database path to: C:\Users\yoojihyeon\.stmcufinder\plugins\mcufinder//mcu/
2022-11-22 14:13:10,236 [WARN] DbFile:40 - Overriding database path with different value: C:\Users\yoojihyeon\.stmcufinder\plugins\mcufinder/ => C:\Users\yoojihyeon\.stmcufinder\plugins\mcufinder
2022-11-22 14:13:10,237 [WARN] DbFile:40 - Overriding database path with different value: C:\Users\yoojihyeon\.stmcufinder\plugins\mcufinder/ => C:\Users\yoojihyeon\.stmcufinder\plugins\mcufinder
2022-11-22 14:13:10,237 [INFO] CrossReferenceDbSqlite:201 - Set database path to: C:\Users\yoojihyeon\.stmcufinder\plugins\mcufinder//mcu/cs/
2022-11-22 14:13:10,258 [INFO] ApplicationProperties:181 - Using Application install path: C:\ST\STM32CubeIDE_1.10.1\STM32CubeIDE\plugins\com.st.stm32cube.common.mx_6.6.1.202207061420
2022-11-22 14:13:10,260 [INFO] PluginManage:193 - Search for loadable plugins [exclusion list=, ]
2022-11-22 14:13:10,262 [INFO] PluginManage:307 - Check plugin analytics
2022-11-22 14:13:10,469 [INFO] AnalyticsPlugin:262 - Accepted Software Licenses: 
2022-11-22 14:13:10,470 [INFO] AnalyticsPlugin:264 - Accepted CMSIS Pack Licenses: 
2022-11-22 14:13:10,471 [INFO] AnalyticsPlugin:266 - Accepted Firmware Licenses: FW.F4.1.27.0
2022-11-22 14:13:10,480 [INFO] PluginManage:356 - Loaded plugin analytics (category:tool,tabindex:-1)
2022-11-22 14:13:10,480 [INFO] PluginManage:307 - Check plugin cadmodel
2022-11-22 14:13:10,485 [INFO] CADModel:65 - Init CAD model plugin
2022-11-22 14:13:10,485 [INFO] PluginManage:356 - Loaded plugin cadmodel (category:power,tabindex:5)
2022-11-22 14:13:10,485 [INFO] PluginManage:307 - Check plugin clock
2022-11-22 14:13:10,500 [INFO] PluginManage:356 - Loaded plugin clock (category:base,tabindex:2)
2022-11-22 14:13:10,500 [INFO] PluginManage:307 - Check plugin ddr
2022-11-22 14:13:10,504 [INFO] PluginManage:356 - Loaded plugin ddr (category:tool,tabindex:6)
2022-11-22 14:13:10,505 [INFO] PluginManage:307 - Check plugin filemanager
2022-11-22 14:13:10,666 [INFO] PluginManage:356 - Loaded plugin filemanager (category:base,tabindex:10)
2022-11-22 14:13:10,666 [INFO] PluginManage:307 - Check plugin ipmanager
2022-11-22 14:13:10,676 [INFO] PluginManage:356 - Loaded plugin ipmanager (category:base,tabindex:5)
2022-11-22 14:13:10,676 [INFO] PluginManage:307 - Check plugin lpbam
2022-11-22 14:13:10,688 [INFO] PluginManage:356 - Loaded plugin lpbam (category:base,tabindex:0)
2022-11-22 14:13:10,688 [INFO] PluginManage:307 - Check plugin pinoutandconfiguration
2022-11-22 14:13:10,699 [INFO] PluginManage:356 - Loaded plugin pinoutandconfiguration (category:base,tabindex:1)
2022-11-22 14:13:10,699 [INFO] PluginManage:307 - Check plugin pinoutconfig
2022-11-22 14:13:10,754 [INFO] PluginManage:356 - Loaded plugin pinoutconfig (category:base,tabindex:0)
2022-11-22 14:13:10,754 [INFO] PluginManage:307 - Check plugin power
2022-11-22 14:13:10,764 [INFO] PluginManage:356 - Loaded plugin power (category:power,tabindex:4)
2022-11-22 14:13:10,765 [INFO] PluginManage:307 - Check plugin projectmanager
2022-11-22 14:13:10,790 [INFO] PluginManage:356 - Loaded plugin projectmanager (category:projectmanager,tabindex:3)
2022-11-22 14:13:10,790 [INFO] PluginManage:307 - Check plugin thirdparty
2022-11-22 14:13:10,918 [INFO] PluginManage:356 - Loaded plugin thirdparty (category:base,tabindex:-1)
2022-11-22 14:13:10,918 [WARN] IntegrityCheckThread:82 - waiting for thirdparty lock release [integrity check]
2022-11-22 14:13:10,918 [INFO] PluginManage:307 - Check plugin tools
2022-11-22 14:13:10,918 [INFO] IntegrityCheckThread:84 - entering critical section [integrity check]
2022-11-22 14:13:10,920 [INFO] ThirdPartyUpdaterWithRetryManager:70 - Updater plugin not ready yet. [1/15]
2022-11-22 14:13:10,921 [INFO] PluginManage:356 - Loaded plugin tools (category:base,tabindex:7)
2022-11-22 14:13:10,921 [INFO] PluginManage:307 - Check plugin tutovideos
2022-11-22 14:13:11,115 [INFO] PluginManage:356 - Loaded plugin tutovideos (category:base,tabindex:-1)
2022-11-22 14:13:11,116 [INFO] PluginManage:307 - Check plugin updater
2022-11-22 14:13:11,130 [INFO] PluginManage:356 - Loaded plugin updater (category:base,tabindex:12)
2022-11-22 14:13:11,130 [INFO] PluginManage:280 - PluginManage : Loaded plugins [15]
2022-11-22 14:13:11,403 [INFO] PinOutPanel:1468 - setPackage(No Configuration,No Configuration)
2022-11-22 14:13:11,491 [INFO] CADModel:98 - CPN selected for project level
2022-11-22 14:13:11,513 [INFO] IPUIPlugin:79 - create IPUIPlugin
2022-11-22 14:13:11,514 [INFO] PluginManager:217 - loadIPPluginJar : add adc
2022-11-22 14:13:11,518 [INFO] IPUIPlugin:79 - create IPUIPlugin
2022-11-22 14:13:11,518 [INFO] PluginManager:217 - loadIPPluginJar : add aes
2022-11-22 14:13:11,522 [INFO] IPUIPlugin:79 - create IPUIPlugin
2022-11-22 14:13:11,522 [INFO] PluginManager:217 - loadIPPluginJar : add can
2022-11-22 14:13:11,525 [INFO] IPUIPlugin:79 - create IPUIPlugin
2022-11-22 14:13:11,525 [INFO] PluginManager:217 - loadIPPluginJar : add comp
2022-11-22 14:13:11,529 [INFO] IPUIPlugin:79 - create IPUIPlugin
2022-11-22 14:13:11,529 [INFO] PluginManager:217 - loadIPPluginJar : add cryp
2022-11-22 14:13:11,532 [INFO] IPUIPlugin:79 - create IPUIPlugin
2022-11-22 14:13:11,532 [INFO] PluginManager:217 - loadIPPluginJar : add dfsdm
2022-11-22 14:13:11,539 [INFO] IPUIPlugin:79 - create IPUIPlugin
2022-11-22 14:13:11,539 [INFO] PluginManager:217 - loadIPPluginJar : add dma
2022-11-22 14:13:11,542 [INFO] IPUIPlugin:79 - create IPUIPlugin
2022-11-22 14:13:11,542 [INFO] PluginManager:217 - loadIPPluginJar : add dma3
2022-11-22 14:13:11,543 [INFO] IPUIPlugin:79 - create IPUIPlugin
2022-11-22 14:13:11,544 [INFO] PluginManager:217 - loadIPPluginJar : add fatfs
2022-11-22 14:13:11,549 [INFO] IPUIPlugin:79 - create IPUIPlugin
2022-11-22 14:13:11,549 [INFO] PluginManager:217 - loadIPPluginJar : add fmc
2022-11-22 14:13:11,555 [INFO] IPUIPlugin:79 - create IPUIPlugin
2022-11-22 14:13:11,555 [INFO] PluginManager:217 - loadIPPluginJar : add freertos
2022-11-22 14:13:11,556 [INFO] IPUIPlugin:79 - create IPUIPlugin
2022-11-22 14:13:11,557 [INFO] PluginManager:217 - loadIPPluginJar : add genericplugin
2022-11-22 14:13:11,559 [INFO] IPUIPlugin:79 - create IPUIPlugin
2022-11-22 14:13:11,559 [INFO] PluginManager:217 - loadIPPluginJar : add gfxmmu
2022-11-22 14:13:11,563 [INFO] IPUIPlugin:79 - create IPUIPlugin
2022-11-22 14:13:11,563 [INFO] PluginManager:217 - loadIPPluginJar : add gic
2022-11-22 14:13:11,567 [INFO] IPUIPlugin:79 - create IPUIPlugin
2022-11-22 14:13:11,567 [INFO] PluginManager:217 - loadIPPluginJar : add gpio
2022-11-22 14:13:11,571 [INFO] IPUIPlugin:79 - create IPUIPlugin
2022-11-22 14:13:11,571 [INFO] PluginManager:217 - loadIPPluginJar : add gtzc
2022-11-22 14:13:11,574 [INFO] IPUIPlugin:79 - create IPUIPlugin
2022-11-22 14:13:11,574 [INFO] PluginManager:217 - loadIPPluginJar : add hash
2022-11-22 14:13:11,578 [INFO] IPUIPlugin:79 - create IPUIPlugin
2022-11-22 14:13:11,578 [INFO] PluginManager:217 - loadIPPluginJar : add i2c
2022-11-22 14:13:11,583 [INFO] IPUIPlugin:79 - create IPUIPlugin
2022-11-22 14:13:11,583 [INFO] PluginManager:217 - loadIPPluginJar : add i2s
2022-11-22 14:13:11,587 [INFO] IPUIPlugin:79 - create IPUIPlugin
2022-11-22 14:13:11,588 [INFO] PluginManager:217 - loadIPPluginJar : add ipddr
2022-11-22 14:13:11,597 [INFO] IPUIPlugin:79 - create IPUIPlugin
2022-11-22 14:13:11,598 [INFO] PluginManager:217 - loadIPPluginJar : add linkedlist
2022-11-22 14:13:11,603 [INFO] IPUIPlugin:79 - create IPUIPlugin
2022-11-22 14:13:11,604 [INFO] PluginManager:217 - loadIPPluginJar : add lorawan
2022-11-22 14:13:11,606 [INFO] IPUIPlugin:79 - create IPUIPlugin
2022-11-22 14:13:11,606 [INFO] PluginManager:217 - loadIPPluginJar : add ltdc
2022-11-22 14:13:11,613 [INFO] IPUIPlugin:79 - create IPUIPlugin
2022-11-22 14:13:11,613 [INFO] PluginManager:217 - loadIPPluginJar : add mdma
2022-11-22 14:13:11,618 [INFO] IPUIPlugin:79 - create IPUIPlugin
2022-11-22 14:13:11,618 [INFO] PluginManager:217 - loadIPPluginJar : add nvic
2022-11-22 14:13:11,622 [INFO] IPUIPlugin:79 - create IPUIPlugin
2022-11-22 14:13:11,622 [INFO] PluginManager:217 - loadIPPluginJar : add opamp
2022-11-22 14:13:11,626 [INFO] IPUIPlugin:79 - create IPUIPlugin
2022-11-22 14:13:11,626 [INFO] PluginManager:217 - loadIPPluginJar : add openamp
2022-11-22 14:13:11,629 [INFO] IPUIPlugin:79 - create IPUIPlugin
2022-11-22 14:13:11,630 [INFO] PluginManager:217 - loadIPPluginJar : add pdm2pcm
2022-11-22 14:13:11,653 [INFO] IPUIPlugin:79 - create IPUIPlugin
2022-11-22 14:13:11,656 [INFO] PluginManager:217 - loadIPPluginJar : add plateformsettings
2022-11-22 14:13:11,658 [INFO] IPUIPlugin:79 - create IPUIPlugin
2022-11-22 14:13:11,659 [INFO] PluginManager:217 - loadIPPluginJar : add quadspi
2022-11-22 14:13:11,662 [INFO] IPUIPlugin:79 - create IPUIPlugin
2022-11-22 14:13:11,662 [INFO] PluginManager:217 - loadIPPluginJar : add resmgrutility
2022-11-22 14:13:11,666 [INFO] IPUIPlugin:79 - create IPUIPlugin
2022-11-22 14:13:11,666 [INFO] PluginManager:217 - loadIPPluginJar : add sai
2022-11-22 14:13:11,669 [INFO] IPUIPlugin:79 - create IPUIPlugin
2022-11-22 14:13:11,669 [INFO] PluginManager:217 - loadIPPluginJar : add spi
2022-11-22 14:13:11,675 [INFO] IPUIPlugin:79 - create IPUIPlugin
2022-11-22 14:13:11,675 [INFO] PluginManager:217 - loadIPPluginJar : add stm32_wpan
2022-11-22 14:13:11,678 [INFO] IPUIPlugin:79 - create IPUIPlugin
2022-11-22 14:13:11,678 [INFO] PluginManager:217 - loadIPPluginJar : add tim
2022-11-22 14:13:11,682 [INFO] IPUIPlugin:79 - create IPUIPlugin
2022-11-22 14:13:11,682 [INFO] PluginManager:217 - loadIPPluginJar : add touchsensing
2022-11-22 14:13:11,685 [INFO] IPUIPlugin:79 - create IPUIPlugin
2022-11-22 14:13:11,685 [INFO] PluginManager:217 - loadIPPluginJar : add tracer_emb
2022-11-22 14:13:11,688 [INFO] IPUIPlugin:79 - create IPUIPlugin
2022-11-22 14:13:11,688 [INFO] PluginManager:217 - loadIPPluginJar : add ts
2022-11-22 14:13:11,690 [INFO] IPUIPlugin:79 - create IPUIPlugin
2022-11-22 14:13:11,690 [INFO] PluginManager:217 - loadIPPluginJar : add tsc
2022-11-22 14:13:11,692 [INFO] IPUIPlugin:79 - create IPUIPlugin
2022-11-22 14:13:11,692 [INFO] PluginManager:217 - loadIPPluginJar : add ucpd
2022-11-22 14:13:11,696 [INFO] IPUIPlugin:79 - create IPUIPlugin
2022-11-22 14:13:11,696 [INFO] PluginManager:217 - loadIPPluginJar : add usart
2022-11-22 14:13:11,701 [INFO] IPUIPlugin:79 - create IPUIPlugin
2022-11-22 14:13:11,701 [INFO] PluginManager:217 - loadIPPluginJar : add usbx
2022-11-22 14:13:12,028 [FATAL] Updater:301 - Updater called before beeing initialized
2022-11-22 14:13:12,157 [FATAL] Updater:301 - Updater called before beeing initialized
2022-11-22 14:13:12,164 [INFO] DbMcusAds:52 - JSON generation date=Thu Sep 30 15:56:37 KST 2021 (1632984997303)
2022-11-22 14:13:12,164 [FATAL] Updater:301 - Updater called before beeing initialized
2022-11-22 14:13:12,203 [WARN] DetailPanel:344 - Failed to get advertising image, set to default
2022-11-22 14:13:12,332 [FATAL] Updater:301 - Updater called before beeing initialized
2022-11-22 14:13:12,335 [FATAL] Updater:301 - Updater called before beeing initialized
2022-11-22 14:13:12,335 [FATAL] Updater:301 - Updater called before beeing initialized
2022-11-22 14:13:12,336 [WARN] DetailPanel:344 - Failed to get advertising image, set to default
2022-11-22 14:13:12,336 [FATAL] Updater:301 - Updater called before beeing initialized
2022-11-22 14:13:12,390 [ERROR] Updater:1105 - MainUpdater not yet initialized. External WinMGr cannot be set.
2022-11-22 14:13:12,393 [INFO] Updater:1041 - Updater Version found : 6.6.1
2022-11-22 14:13:12,413 [INFO] ApplicationProperties:181 - Using Application install path: C:\ST\STM32CubeIDE_1.10.1\STM32CubeIDE\plugins\com.st.stm32cube.common.mx_6.6.1.202207061420
2022-11-22 14:13:12,518 [INFO] MainUpdater:2768 - connection check result : 10
2022-11-22 14:13:12,518 [INFO] MainUpdater:280 - Updater Check For Update Now.
2022-11-22 14:13:12,518 [INFO] MicroXplorer:481 - Change Database Version : DB.6.0.60
2022-11-22 14:13:12,696 [INFO] CheckServerUpdateThread:119 - End of CheckServer Thread
2022-11-22 14:13:12,735 [INFO] MainUpdater:2768 - connection check result : 10
2022-11-22 14:13:13,010 [INFO] McuFinderGlobals:57 - Set McuFinderConnectedMode to true
2022-11-22 14:13:13,020 [INFO] MultiScanPanel:195 - Auto-refresh data requested => check proxy status ongoing
2022-11-22 14:13:13,026 [INFO] FinderPluginLoader:92 - Searching for filters in installed packs
2022-11-22 14:13:13,112 [INFO] ApiDb:576 - Connected to CubeFinder SQLite database (C:\Users\yoojihyeon\.stmcufinder\plugins\mcufinder\mcu\cube-finder-db.db)
2022-11-22 14:13:13,144 [INFO] ApiDb:663 - CubeFinder database Data Model version=2.1
2022-11-22 14:13:13,144 [INFO] ApiDb:664 - CubeFinder database Configuration version=3.0.32
2022-11-22 14:13:13,144 [INFO] ApiDb:665 - CubeFinder database generation date=2022-08-05 (1659688109)
2022-11-22 14:13:13,145 [INFO] ApiDb:666 - CubeFinder database FW Pack versions=[STM32Cube_FW_C0_V1.0.0, STM32Cube_FW_F4_V1.27.1, STM32Cube_FW_F7_V1.17.0, STM32Cube_FW_G0_V1.6.1, STM32Cube_FW_G4_V1.5.0, STM32Cube_FW_H7_V1.10.0, STM32Cube_FW_L5_V1.4.0, STM32Cube_FW_U5_V1.1.1, STM32Cube_FW_WB_V1.14.1, STM32Cube_FW_WL_V1.2.0, X-CUBE-ALGOBUILD_V1.3.0, X-CUBE-ALS_V1.0.1, X-CUBE-AZRTOS-F4_V1.1.0, X-CUBE-AZRTOS-F7_V1.1.0, X-CUBE-AZRTOS-G0_V1.1.0, X-CUBE-AZRTOS-G4_V1.0.0, X-CUBE-AZRTOS-H7_V2.1.0, X-CUBE-AZRTOS-L4_V1.0.0, X-CUBE-AZRTOS-L5_V1.0.0, X-CUBE-AZRTOS-WL_V1.0.0, X-CUBE-BLE1_V6.2.3, X-CUBE-BLE2_V3.3.0, X-CUBE-EEPRMA1_V3.1.1, X-CUBE-GNSS1_V6.0.0, X-CUBE-MEMS1_V9.1.0, X-CUBE-MEMS1_V9.3.0, X-CUBE-NFC4_V2.0.4, X-CUBE-NFC7_V1.0.0, X-CUBE-SFXS2LP1_V4.0.0, X-CUBE-SUBG2_V5.0.0]
2022-11-22 14:13:14,157 [WARN] PackLoader:242 - Cannot read IP mode file for STMicroelectronics.X-CUBE-GNSS1.6.0.0
2022-11-22 14:13:14,211 [WARN] PackLoader:242 - Cannot read IP mode file for STMicroelectronics.X-CUBE-AZRTOS-F4.1.1.0
2022-11-22 14:13:14,320 [WARN] PackLoader:242 - Cannot read IP mode file for STMicroelectronics.X-CUBE-MEMS1.9.2.0
2022-11-22 14:13:14,523 [WARN] PackLoader:242 - Cannot read IP mode file for STMicroelectronics.X-CUBE-BLEMGR.1.2.0
2022-11-22 14:13:14,558 [WARN] PackLoader:242 - Cannot read IP mode file for STMicroelectronics.X-CUBE-AZRTOS-F7.1.1.0
2022-11-22 14:13:14,578 [WARN] PackLoader:242 - Cannot read IP mode file for STMicroelectronics.X-CUBE-BLE1.6.2.3
2022-11-22 14:13:14,585 [WARN] PackLoader:242 - Cannot read IP mode file for STMicroelectronics.X-CUBE-NFC4.2.0.5
2022-11-22 14:13:14,591 [WARN] PackLoader:242 - Cannot read IP mode file for STMicroelectronics.X-CUBE-NFC4.2.0.4
2022-11-22 14:13:14,604 [WARN] PackLoader:242 - Cannot read IP mode file for STMicroelectronics.X-CUBE-TOF1.3.1.0
2022-11-22 14:13:14,638 [WARN] PackLoader:242 - Cannot read IP mode file for STMicroelectronics.X-CUBE-AZRTOS-F4.1.0.0
2022-11-22 14:13:14,651 [WARN] PackLoader:242 - Cannot read IP mode file for STMicroelectronics.X-CUBE-NFC7.1.0.0
2022-11-22 14:13:14,722 [WARN] PackLoader:242 - Cannot read IP mode file for STMicroelectronics.X-CUBE-MEMS1.9.3.0
2022-11-22 14:13:14,869 [WARN] PackLoader:242 - Cannot read IP mode file for STMicroelectronics.X-CUBE-AI.7.2.0
2022-11-22 14:13:14,877 [WARN] PackLoader:242 - Cannot read IP mode file for STMicroelectronics.X-CUBE-SFXS2LP1.4.0.0
2022-11-22 14:13:14,899 [WARN] PackLoader:242 - Cannot read IP mode file for STMicroelectronics.X-CUBE-BLE2.3.3.0
2022-11-22 14:13:14,911 [WARN] PackLoader:242 - Cannot read IP mode file for STMicroelectronics.X-CUBE-DISPLAY.2.2.0
2022-11-22 14:13:14,929 [WARN] PackLoader:242 - Cannot read IP mode file for STMicroelectronics.X-CUBE-TOF1.3.2.0
2022-11-22 14:13:14,940 [WARN] PackLoader:242 - Cannot read IP mode file for STMicroelectronics.X-CUBE-ISPU.1.0.0
2022-11-22 14:13:14,943 [WARN] PackLoader:242 - Cannot read IP mode file for STMicroelectronics.X-CUBE-ISPU.1.1.0
2022-11-22 14:13:14,953 [WARN] PackLoader:242 - Cannot read IP mode file for RoweBots.I-CUBE-UNISONRTOS.5.5.0-4
2022-11-22 14:13:14,974 [WARN] PackLoader:242 - Cannot read IP mode file for STMicroelectronics.X-CUBE-AZRTOS-H7.2.1.0
2022-11-22 14:13:14,989 [WARN] PackLoader:242 - Cannot read IP mode file for STMicroelectronics.X-CUBE-BLEMGR.1.0.0
2022-11-22 14:13:14,994 [WARN] PackLoader:242 - Cannot read IP mode file for STMicroelectronics.X-CUBE-AI.7.3.0
2022-11-22 14:13:15,002 [WARN] PackLoader:242 - Cannot read IP mode file for STMicroelectronics.X-CUBE-ALGOBUILD.1.3.0
2022-11-22 14:13:15,019 [WARN] PackLoader:242 - Cannot read IP mode file for STMicroelectronics.X-CUBE-AZRTOS-G0.1.1.0
2022-11-22 14:13:15,031 [WARN] PackLoader:242 - Cannot read IP mode file for STMicroelectronics.X-CUBE-SUBG2.5.0.0
2022-11-22 14:13:15,102 [WARN] PackLoader:242 - Cannot read IP mode file for SEGGER.I-CUBE-embOS.1.2.0
2022-11-22 14:13:15,142 [WARN] PackLoader:242 - Cannot read IP mode file for STMicroelectronics.FP-ATR-ASTRA1.1.1.1
2022-11-22 14:13:15,145 [WARN] PackLoader:242 - Cannot read IP mode file for STMicroelectronics.FP-ATR-ASTRA1.1.1.0
2022-11-22 14:13:15,160 [INFO] ApiDb:239 - Found 138 in-development CPN: [B-WB1M-WPAN1, NUCLEO-C031C6, STEVAL-STWINBX1, STM320518-EVAL, STM32C0116-DK, STM32C011D6Y3TR, STM32C011D6Y6TR, STM32C011F4P3, STM32C011F4P6, STM32C011F4U3, STM32C011F4U6TR, STM32C011F6P3, STM32C011F6P6, STM32C011F6U3, STM32C011F6U6TR, STM32C011J4M3, STM32C011J4M6, STM32C011J6M3, STM32C011J6M6, STM32C0316-DK, STM32C031C4T3, STM32C031C4T6, STM32C031C4U3, STM32C031C4U6, STM32C031C6T3, STM32C031C6T6, STM32C031C6U3, STM32C031C6U6, STM32C031F4P3, STM32C031F4P6, STM32C031F6P3, STM32C031F6P6, STM32C031G4U3, STM32C031G4U6, STM32C031G6U3, STM32C031G6U6, STM32C031K4T3, STM32C031K4T6, STM32C031K4U3, STM32C031K4U6, STM32C031K6T3, STM32C031K6T6, STM32C031K6U3, STM32C031K6U6, STM32G071K8TXN, STM32G071K8UXN, STM32G081GBU6N, STM32G081KBT6N, STM32G081KBUXN, STM32G0B1CCT6N, STM32G0B1KCT6, STM32G0B1NEY6TR, STM32G0B1RCT6N, STM32G0C1CCT6, STM32G0C1CCT6N, STM32G0C1CCU6N, STM32G0C1CET6N, STM32G0C1CEU6N, STM32G0C1KCT6, STM32G0C1NEY6TR, STM32G0C1RCI6N, STM32G0C1RCT6N, STM32G0C1REI6N, STM32G0C1RET6N, STM32G0C1VCI6, STM32G0C1VEI6, STM32G471CCT6, STM32G471CCU6, STM32G471CET3, STM32G471CET6, STM32G471CEU3, STM32G471CEU6, STM32G471MCT6, STM32G471MET3, STM32G471MET6, STM32G471MEY6TR, STM32G471QCT6, STM32G471QET3, STM32G471RCT6, STM32G471RET3, STM32G471RET6, STM32G471VCH6, STM32G471VCI6, STM32G471VCT6, STM32G471VEH3, STM32G471VEH6, STM32G471VEI3, STM32G471VEI6, STM32G471VET3, STM32G471VET6, STM32G474CCT6, STM32L476VGY6PTR, STM32L4R5QGI6STR, STM32MP131AAE3, STM32MP131AAF3, STM32MP131AAG3, STM32MP131CAE3, STM32MP131CAF3, STM32MP131CAG3, STM32MP131DAE7, STM32MP131DAF7, STM32MP131DAG7, STM32MP131FAE7, STM32MP131FAF7, STM32MP131FAG7, STM32MP133AAE3, STM32MP133AAF3, STM32MP133AAG3, STM32MP133CAE3, STM32MP133CAF3, STM32MP133CAG3, STM32MP133DAE7, STM32MP133DAF7, STM32MP133DAG7, STM32MP133FAE7, STM32MP133FAF7, STM32MP133FAG7, STM32MP135AAE3, STM32MP135AAF3, STM32MP135AAG3, STM32MP135CAE3, STM32MP135CAF3, STM32MP135CAG3, STM32MP135DAE7, STM32MP135DAF7, STM32MP135DAG7, STM32MP135F-DK, STM32MP135FAE7, STM32MP135FAF7, STM32MP135FAG7, STM32U595ZJT6Q, STM32U599BJY6QTR, STM32U599NIH6Q, STM32U599NJH6Q, STM32U5A5ZJT6Q, STM32U5A9BJY6QTR, STM32U5A9NJH6Q, STM32WB1MMCH6]
2022-11-22 14:13:15,166 [INFO] DbMcus:215 - Found 3542 MCUs, 3542 are supported
2022-11-22 14:13:15,167 [WARN] PackLoader:242 - Cannot read IP mode file for STMicroelectronics.X-CUBE-AZRTOS-G4.1.0.0
2022-11-22 14:13:15,169 [INFO] ApiDb:418 - Load user favorites file C:\Users\yoojihyeon/.stm32cubeide/favorites.mcus.txt: 0 item(s)
2022-11-22 14:13:15,169 [INFO] ApiDb:422 - User favorites MCUs=[]
2022-11-22 14:13:15,169 [INFO] DbMcus:221 - Set 0 / 0 favorites MCUs
2022-11-22 14:13:15,176 [WARN] PackLoader:242 - Cannot read IP mode file for STMicroelectronics.FP-ATR-SIGFOX1.3.2.0
2022-11-22 14:13:15,180 [WARN] PackLoader:242 - Cannot read IP mode file for wolfSSL.I-CUBE-wolfSSL.5.3.0
2022-11-22 14:13:15,193 [WARN] PackLoader:242 - Cannot read IP mode file for STMicroelectronics.X-CUBE-AZRTOS-L4.1.0.0
2022-11-22 14:13:15,203 [WARN] PackLoader:242 - Cannot read IP mode file for emotas.I-CUBE-CANOPEN.1.1.2
2022-11-22 14:13:15,209 [WARN] PackLoader:242 - Cannot read IP mode file for STMicroelectronics.X-CUBE-TOUCHGFX.4.20.0
2022-11-22 14:13:15,229 [WARN] PackLoader:242 - Cannot read IP mode file for STMicroelectronics.X-CUBE-AZRTOS-F7.1.0.0
2022-11-22 14:13:15,240 [WARN] PackLoader:242 - Cannot read IP mode file for STMicroelectronics.X-CUBE-AZRTOS-WL.1.0.0
2022-11-22 14:13:15,246 [WARN] PackLoader:242 - Cannot read IP mode file for portGmbH.I-Cube-SoM-uGOAL.1.1.0
2022-11-22 14:13:15,250 [WARN] PackLoader:242 - Cannot read IP mode file for STMicroelectronics.X-CUBE-ALS.1.0.1
2022-11-22 14:13:15,272 [WARN] PackLoader:242 - Cannot read IP mode file for STMicroelectronics.X-CUBE-AZRTOS-L5.1.0.0
2022-11-22 14:13:15,280 [WARN] PackLoader:242 - Cannot read IP mode file for STMicroelectronics.X-CUBE-EEPRMA1.3.1.1
2022-11-22 14:13:15,282 [INFO] ThirdParty:929 - Integrity check success = true
2022-11-22 14:13:15,282 [INFO] IntegrityCheckThread:98 - exiting critical section [integrity check]
2022-11-22 14:13:15,282 [INFO] IntegrityCheckThread:101 - End integrity checks thread
2022-11-22 14:13:16,519 [INFO] LoadUrlFilesThread:177 - End of LoadServerUrlFiles without Thread
2022-11-22 14:13:16,557 [INFO] DetailPanel:339 - Set advertising image to C:/Users/yoojihyeon/STM32Cube/Repository/\en.Prom_NBSTM32U50921.jpg
2022-11-22 14:13:17,080 [INFO] MultiScanPanel:778 - Auto Refresh Data is not needed
2022-11-22 14:13:17,093 [INFO] ApiDb:663 - CubeFinder database Data Model version=2.1
2022-11-22 14:13:17,093 [INFO] ApiDb:664 - CubeFinder database Configuration version=3.0.32
2022-11-22 14:13:17,093 [INFO] ApiDb:665 - CubeFinder database generation date=2022-08-05 (1659688109)
2022-11-22 14:13:17,093 [INFO] ApiDb:666 - CubeFinder database FW Pack versions=[STM32Cube_FW_C0_V1.0.0, STM32Cube_FW_F4_V1.27.1, STM32Cube_FW_F7_V1.17.0, STM32Cube_FW_G0_V1.6.1, STM32Cube_FW_G4_V1.5.0, STM32Cube_FW_H7_V1.10.0, STM32Cube_FW_L5_V1.4.0, STM32Cube_FW_U5_V1.1.1, STM32Cube_FW_WB_V1.14.1, STM32Cube_FW_WL_V1.2.0, X-CUBE-ALGOBUILD_V1.3.0, X-CUBE-ALS_V1.0.1, X-CUBE-AZRTOS-F4_V1.1.0, X-CUBE-AZRTOS-F7_V1.1.0, X-CUBE-AZRTOS-G0_V1.1.0, X-CUBE-AZRTOS-G4_V1.0.0, X-CUBE-AZRTOS-H7_V2.1.0, X-CUBE-AZRTOS-L4_V1.0.0, X-CUBE-AZRTOS-L5_V1.0.0, X-CUBE-AZRTOS-WL_V1.0.0, X-CUBE-BLE1_V6.2.3, X-CUBE-BLE2_V3.3.0, X-CUBE-EEPRMA1_V3.1.1, X-CUBE-GNSS1_V6.0.0, X-CUBE-MEMS1_V9.1.0, X-CUBE-MEMS1_V9.3.0, X-CUBE-NFC4_V2.0.4, X-CUBE-NFC7_V1.0.0, X-CUBE-SFXS2LP1_V4.0.0, X-CUBE-SUBG2_V5.0.0]
2022-11-22 14:13:17,204 [INFO] DbBoardsSqlite:227 - include board P-NUCLEO-WB55-NUCLEO as a kit item of type 'Nucleo-64'
2022-11-22 14:13:17,204 [INFO] DbBoardsSqlite:227 - include board P-NUCLEO-WB55-USBDONGLE as a kit item of type 'Nucleo USB Dongle'
2022-11-22 14:13:17,205 [INFO] DbBoardsSqlite:227 - include board STEVAL-IDP005V1 as a kit item of type 'Evaluation Board'
2022-11-22 14:13:17,205 [INFO] DbBoardsSqlite:227 - include board STEVAL-IDP005V2 as a kit item of type 'Evaluation Board'
2022-11-22 14:13:17,221 [INFO] ApiDb:239 - Found 138 in-development CPN: [B-WB1M-WPAN1, NUCLEO-C031C6, STEVAL-STWINBX1, STM320518-EVAL, STM32C0116-DK, STM32C011D6Y3TR, STM32C011D6Y6TR, STM32C011F4P3, STM32C011F4P6, STM32C011F4U3, STM32C011F4U6TR, STM32C011F6P3, STM32C011F6P6, STM32C011F6U3, STM32C011F6U6TR, STM32C011J4M3, STM32C011J4M6, STM32C011J6M3, STM32C011J6M6, STM32C0316-DK, STM32C031C4T3, STM32C031C4T6, STM32C031C4U3, STM32C031C4U6, STM32C031C6T3, STM32C031C6T6, STM32C031C6U3, STM32C031C6U6, STM32C031F4P3, STM32C031F4P6, STM32C031F6P3, STM32C031F6P6, STM32C031G4U3, STM32C031G4U6, STM32C031G6U3, STM32C031G6U6, STM32C031K4T3, STM32C031K4T6, STM32C031K4U3, STM32C031K4U6, STM32C031K6T3, STM32C031K6T6, STM32C031K6U3, STM32C031K6U6, STM32G071K8TXN, STM32G071K8UXN, STM32G081GBU6N, STM32G081KBT6N, STM32G081KBUXN, STM32G0B1CCT6N, STM32G0B1KCT6, STM32G0B1NEY6TR, STM32G0B1RCT6N, STM32G0C1CCT6, STM32G0C1CCT6N, STM32G0C1CCU6N, STM32G0C1CET6N, STM32G0C1CEU6N, STM32G0C1KCT6, STM32G0C1NEY6TR, STM32G0C1RCI6N, STM32G0C1RCT6N, STM32G0C1REI6N, STM32G0C1RET6N, STM32G0C1VCI6, STM32G0C1VEI6, STM32G471CCT6, STM32G471CCU6, STM32G471CET3, STM32G471CET6, STM32G471CEU3, STM32G471CEU6, STM32G471MCT6, STM32G471MET3, STM32G471MET6, STM32G471MEY6TR, STM32G471QCT6, STM32G471QET3, STM32G471RCT6, STM32G471RET3, STM32G471RET6, STM32G471VCH6, STM32G471VCI6, STM32G471VCT6, STM32G471VEH3, STM32G471VEH6, STM32G471VEI3, STM32G471VEI6, STM32G471VET3, STM32G471VET6, STM32G474CCT6, STM32L476VGY6PTR, STM32L4R5QGI6STR, STM32MP131AAE3, STM32MP131AAF3, STM32MP131AAG3, STM32MP131CAE3, STM32MP131CAF3, STM32MP131CAG3, STM32MP131DAE7, STM32MP131DAF7, STM32MP131DAG7, STM32MP131FAE7, STM32MP131FAF7, STM32MP131FAG7, STM32MP133AAE3, STM32MP133AAF3, STM32MP133AAG3, STM32MP133CAE3, STM32MP133CAF3, STM32MP133CAG3, STM32MP133DAE7, STM32MP133DAF7, STM32MP133DAG7, STM32MP133FAE7, STM32MP133FAF7, STM32MP133FAG7, STM32MP135AAE3, STM32MP135AAF3, STM32MP135AAG3, STM32MP135CAE3, STM32MP135CAF3, STM32MP135CAG3, STM32MP135DAE7, STM32MP135DAF7, STM32MP135DAG7, STM32MP135F-DK, STM32MP135FAE7, STM32MP135FAF7, STM32MP135FAG7, STM32U595ZJT6Q, STM32U599BJY6QTR, STM32U599NIH6Q, STM32U599NJH6Q, STM32U5A5ZJT6Q, STM32U5A9BJY6QTR, STM32U5A9NJH6Q, STM32WB1MMCH6]
2022-11-22 14:13:17,378 [INFO] BoardInfo:879 - No configuration file found for board P-NUCLEO-WB55
2022-11-22 14:13:17,379 [INFO] DbBoards:156 - Kit is not supported: P-NUCLEO-WB55
2022-11-22 14:13:17,382 [INFO] BoardInfo:879 - No configuration file found for board STEVAL-BFA001V1B
2022-11-22 14:13:17,383 [INFO] DbBoards:156 - Kit is not supported: STEVAL-BFA001V1B
2022-11-22 14:13:17,383 [INFO] BoardInfo:879 - No configuration file found for board STEVAL-BFA001V2B
2022-11-22 14:13:17,384 [INFO] DbBoards:156 - Kit is not supported: STEVAL-BFA001V2B
2022-11-22 14:13:17,480 [INFO] DbBoards:160 - Found 176 boards, 173 are supported
2022-11-22 14:13:17,501 [INFO] ApiDb:418 - Load user favorites file C:\Users\yoojihyeon/.stm32cubeide/favorites.boards.txt: 0 item(s)
2022-11-22 14:13:17,502 [INFO] ApiDb:422 - User favorites Boards=[]
2022-11-22 14:13:17,502 [INFO] DbBoards:189 - Set 0 / 0 favorites Boards
2022-11-22 14:13:28,607 [INFO] MultiScanPanel:195 - Auto-refresh data requested => check proxy status ongoing
2022-11-22 14:13:28,728 [INFO] LoadUrlFilesThread:177 - End of LoadServerUrlFiles without Thread
2022-11-22 14:13:28,729 [INFO] DetailPanel:339 - Set advertising image to C:/Users/yoojihyeon/STM32Cube/Repository/\en.Prom_NBSTM32U50921.jpg
2022-11-22 14:13:28,740 [INFO] DbBoards:628 - Loading board mini-images...
2022-11-22 14:13:28,926 [ERROR] DbBoards:648 - No image file defined for board B-WB1M-WPAN1
2022-11-22 14:13:28,926 [ERROR] DbBoards:648 - No image file defined for board NUCLEO-C031C6
2022-11-22 14:13:30,342 [ERROR] DbBoards:648 - No image file defined for board STEVAL-STWINBX1
2022-11-22 14:13:30,407 [ERROR] DbBoards:648 - No image file defined for board STM32091C-EVAL
2022-11-22 14:13:30,407 [ERROR] DbBoards:648 - No image file defined for board STM32100E-EVAL
2022-11-22 14:13:30,407 [ERROR] DbBoards:648 - No image file defined for board STM3210C-EVAL
2022-11-22 14:13:30,427 [ERROR] DbBoards:648 - No image file defined for board STM3221G-EVAL
2022-11-22 14:13:30,427 [ERROR] DbBoards:648 - No image file defined for board STM32303C-EVAL
2022-11-22 14:13:30,541 [ERROR] DbBoards:648 - No image file defined for board STM32479I-EVAL
2022-11-22 14:13:30,541 [ERROR] DbBoards:648 - No image file defined for board STM32746G-EVAL2
2022-11-22 14:13:30,548 [ERROR] DbBoards:648 - No image file defined for board STM32C0116-DK
2022-11-22 14:13:30,549 [ERROR] DbBoards:648 - No image file defined for board STM32C0316-DK
2022-11-22 14:13:30,588 [ERROR] DbBoards:648 - No image file defined for board STM32F401C-DISCO
2022-11-22 14:13:30,651 [ERROR] DbBoards:648 - No image file defined for board STM32F7308-DK
2022-11-22 14:13:30,938 [ERROR] DbBoards:648 - No image file defined for board STM32F779I-EVAL
2022-11-22 14:13:31,139 [ERROR] DbBoards:648 - No image file defined for board STM32H747I-EVAL
2022-11-22 14:13:31,208 [ERROR] DbBoards:648 - No image file defined for board STM32L-DISCOVERY
2022-11-22 14:13:31,259 [ERROR] DbBoards:648 - No image file defined for board STM32L152D-EVAL
2022-11-22 14:13:31,451 [ERROR] DbBoards:648 - No image file defined for board STM32MP135F-DK
2022-11-22 14:13:31,644 [INFO] DbBoards:651 - Loaded 157 board mini-images
2022-11-22 14:13:31,682 [INFO] MultiScanPanel:778 - Auto Refresh Data is not needed
2022-11-22 14:13:44,384 [INFO] MainUpdater:2768 - connection check result : 10
2022-11-22 14:13:44,385 [INFO] MainUpdater:2768 - connection check result : 10
2022-11-22 14:13:44,421 [INFO] MicroXplorer:451 - Change Database Path : 
2022-11-22 14:13:44,421 [INFO] MicroXplorer:481 - Change Database Version : DB.6.0.60
2022-11-22 14:13:44,422 [WARN] ThirdParty:827 - waiting for thirdparty lock release [close project]
2022-11-22 14:13:44,422 [INFO] ThirdParty:829 - entering critical section [close project]
2022-11-22 14:13:44,424 [INFO] ThirdParty:839 - exiting critical section [close project]
2022-11-22 14:13:44,428 [INFO] PinOutPanel:1468 - setPackage(No Configuration,No Configuration)
2022-11-22 14:13:44,435 [INFO] UtilMem:74 - Begin LoadConfig() Used Memory: 528284264 Bytes (610271232)
2022-11-22 14:13:44,437 [INFO] OpenFileManager:307 - Change cursor
2022-11-22 14:13:44,445 [ERROR] BinarySerializedPreferences:80 - Cannot save pack preferences: C:\Users\유지현\.stm32cubemx\plugins\thirdparty\preferences\thirdparty.prefs (지정된 경로를 찾을 수 없습니다)
2022-11-22 14:13:44,479 [INFO] ProjectFactory:399 - No CPN specified for board NUCLEO-F429ZI => set CPN to STM32F429ZIT6
2022-11-22 14:13:44,480 [INFO] Mcu:1922 - Initializing MCU STM32F429ZITx STM32F429ZITx STM32F429ZIT6
2022-11-22 14:13:46,824 [INFO] Context:654 - Trying to add GPIOservice into a context  which must be forbidden
2022-11-22 14:13:47,315 [INFO] Rule:225 - rule 117617 - U5Cobra4M][GTZC] default value MPCBB3 and MPCBB5 - Not Secured memory - MPCBB1 is applicable
2022-11-22 14:13:47,315 [INFO] Rule:225 - rule 117617 - U5Cobra4M][GTZC] default value MPCBB3 and MPCBB5 - Not Secured memory - MPCBB1 is applicable
2022-11-22 14:13:47,315 [INFO] Rule:225 - rule 117617 - U5Cobra4M][GTZC] default value MPCBB3 and MPCBB5 - Not Secured memory - MPCBB2 is applicable
2022-11-22 14:13:47,315 [INFO] Rule:225 - rule 117617 - U5Cobra4M][GTZC] default value MPCBB3 and MPCBB5 - Not Secured memory - MPCBB2 is applicable
2022-11-22 14:13:47,315 [INFO] Rule:225 - rule 117617 - U5Cobra4M][GTZC] default value MPCBB3 and MPCBB5 - Not Secured memory - MPCBB3 is applicable
2022-11-22 14:13:47,315 [INFO] Rule:225 - rule 117617 - U5Cobra4M][GTZC] default value MPCBB3 and MPCBB5 - Not Secured memory - MPCBB3 is applicable
2022-11-22 14:13:47,315 [INFO] Rule:225 - rule 117617 - U5Cobra4M][GTZC] default value MPCBB3 and MPCBB5 - Not Secured memory - MPCBB4 is applicable
2022-11-22 14:13:47,315 [INFO] Rule:225 - rule 117617 - U5Cobra4M][GTZC] default value MPCBB3 and MPCBB5 - Not Secured memory - MPCBB4 is applicable
2022-11-22 14:13:47,315 [INFO] Rule:225 - rule 117617 - U5Cobra4M][GTZC] default value MPCBB3 and MPCBB5 - Secured memory - MPCBB1 is applicable
2022-11-22 14:13:47,315 [INFO] Rule:225 - rule 117617 - U5Cobra4M][GTZC] default value MPCBB3 and MPCBB5 - Secured memory - MPCBB2 is applicable
2022-11-22 14:13:47,315 [INFO] Rule:225 - rule 117617 - U5Cobra4M][GTZC] default value MPCBB3 and MPCBB5 - Secured memory - MPCBB3 is applicable
2022-11-22 14:13:47,315 [INFO] Rule:225 - rule 117617 - U5Cobra4M][GTZC] default value MPCBB3 and MPCBB5 - Secured memory - MPCBB4 is applicable
2022-11-22 14:13:47,316 [INFO] Rule:225 - rule 117617 - U5Cobra4M][GTZC] default value MPCBB3 and MPCBB5 - Privileged memory - MPCBB1 is applicable
2022-11-22 14:13:47,316 [INFO] Rule:225 - rule 117617 - U5Cobra4M][GTZC] default value MPCBB3 and MPCBB5 - Privileged memory - MPCBB2 is applicable
2022-11-22 14:13:47,316 [INFO] Rule:225 - rule 117617 - U5Cobra4M][GTZC] default value MPCBB3 and MPCBB5 - Privileged memory - MPCBB3 is applicable
2022-11-22 14:13:47,316 [INFO] Rule:225 - rule 117617 - U5Cobra4M][GTZC] default value MPCBB3 and MPCBB5 - Privileged memory - MPCBB4 is applicable
2022-11-22 14:13:47,316 [INFO] Rule:225 - rule 117617 - U5Cobra4M][GTZC] default value MPCBB3 and MPCBB5 - Not Privileged memory - MPCBB1 is applicable
2022-11-22 14:13:47,316 [INFO] Rule:225 - rule 117617 - U5Cobra4M][GTZC] default value MPCBB3 and MPCBB5 - Not Privileged memory - MPCBB2 is applicable
2022-11-22 14:13:47,316 [INFO] Rule:225 - rule 117617 - U5Cobra4M][GTZC] default value MPCBB3 and MPCBB5 - Not Privileged memory - MPCBB3 is applicable
2022-11-22 14:13:47,316 [INFO] Rule:225 - rule 117617 - U5Cobra4M][GTZC] default value MPCBB3 and MPCBB5 - Not Privileged memory - MPCBB4 is applicable
2022-11-22 14:13:47,316 [INFO] Rule:225 - rule 117617 - U5Cobra4M][GTZC] default value MPCBB3 and MPCBB5 - Privileged memory - MPCBB1 is applicable
2022-11-22 14:13:47,316 [INFO] Rule:225 - rule 117617 - U5Cobra4M][GTZC] default value MPCBB3 and MPCBB5 - Privileged memory - MPCBB2 is applicable
2022-11-22 14:13:47,316 [INFO] Rule:225 - rule 117617 - U5Cobra4M][GTZC] default value MPCBB3 and MPCBB5 - Privileged memory - MPCBB3 is applicable
2022-11-22 14:13:47,316 [INFO] Rule:225 - rule 117617 - U5Cobra4M][GTZC] default value MPCBB3 and MPCBB5 - Privileged memory - MPCBB4 is applicable
2022-11-22 14:13:47,316 [INFO] Rule:225 - rule 117617 - U5Cobra4M][GTZC] default value MPCBB3 and MPCBB5 - Privileged memory - MPCBB1 is applicable
2022-11-22 14:13:47,316 [INFO] Rule:225 - rule 117617 - U5Cobra4M][GTZC] default value MPCBB3 and MPCBB5 - Privileged memory - MPCBB2 is applicable
2022-11-22 14:13:47,316 [INFO] Rule:225 - rule 117617 - U5Cobra4M][GTZC] default value MPCBB3 and MPCBB5 - Privileged memory - MPCBB3 is applicable
2022-11-22 14:13:47,316 [INFO] Rule:225 - rule 117617 - U5Cobra4M][GTZC] default value MPCBB3 and MPCBB5 - Privileged memory - MPCBB4 is applicable
2022-11-22 14:13:47,316 [INFO] Rule:225 - rule 117617 - U5Cobra4M][GTZC] default value MPCBB3 and MPCBB5 - Not Privileged memory - MPCBB1 is applicable
2022-11-22 14:13:47,317 [INFO] Rule:225 - rule 117617 - U5Cobra4M][GTZC] default value MPCBB3 and MPCBB5 - Not Privileged memory - MPCBB2 is applicable
2022-11-22 14:13:47,317 [INFO] Rule:225 - rule 117617 - U5Cobra4M][GTZC] default value MPCBB3 and MPCBB5 - Not Privileged memory - MPCBB3 is applicable
2022-11-22 14:13:47,317 [INFO] Rule:225 - rule 117617 - U5Cobra4M][GTZC] default value MPCBB3 and MPCBB5 - Not Privileged memory - MPCBB4 is applicable
2022-11-22 14:13:47,317 [INFO] Rule:225 - rule 117617 - U5Cobra4M][GTZC] default value MPCBB3 and MPCBB5 - Privileged memory - MPCBB1 is applicable
2022-11-22 14:13:47,317 [INFO] Rule:225 - rule 117617 - U5Cobra4M][GTZC] default value MPCBB3 and MPCBB5 - Privileged memory - MPCBB2 is applicable
2022-11-22 14:13:47,317 [INFO] Rule:225 - rule 117617 - U5Cobra4M][GTZC] default value MPCBB3 and MPCBB5 - Privileged memory - MPCBB3 is applicable
2022-11-22 14:13:47,317 [INFO] Rule:225 - rule 117617 - U5Cobra4M][GTZC] default value MPCBB3 and MPCBB5 - Privileged memory - MPCBB4 is applicable
2022-11-22 14:13:47,317 [INFO] Rule:225 - rule Rename SubGHz_Phy SUBGHZ_APPLICATION SUBGHZ_PINGPONG to SUBGHZ_ADV_APPLICATION is applicable
2022-11-22 14:13:47,317 [INFO] Rule:225 - rule Rename Enabled to IBEACON is applicable
2022-11-22 14:13:47,317 [INFO] Rule:225 - rule GTZC_S instance for project manager is applicable
2022-11-22 14:13:47,317 [INFO] Rule:225 - rule GTZC_S instance for context M33S is applicable
2022-11-22 14:13:47,317 [INFO] Rule:225 - rule GTZC_S instance value for IP GTZC is applicable
2022-11-22 14:13:47,317 [INFO] Rule:225 - rule GTZC_S instance for mcu.IP is applicable
2022-11-22 14:13:47,318 [INFO] Rule:225 - rule GTZC_S instance for VP is applicable
2022-11-22 14:13:47,318 [INFO] Rule:225 - rule GTZC_S instance for signal is applicable
2022-11-22 14:13:47,318 [INFO] Rule:225 - rule GTZC_S instance for mcu.Pin is applicable
2022-11-22 14:13:47,318 [INFO] Rule:225 - rule GTZC_S instance for VP is applicable
2022-11-22 14:13:47,318 [INFO] Rule:225 - rule GTZC_S instance for signal is applicable
2022-11-22 14:13:47,318 [INFO] Rule:225 - rule GTZC_S instance for mcu is applicable
2022-11-22 14:13:47,318 [INFO] Rule:225 - rule GTZC_S instance for mcu.Pin is applicable
2022-11-22 14:13:47,318 [INFO] Rule:225 - rule GTZC_S instance value for IP GTZC is applicable
2022-11-22 14:13:47,318 [INFO] Rule:225 - rule GTZC_S instance for project manager is applicable
2022-11-22 14:13:47,318 [INFO] Rule:225 - rule GTZC_S instance for context M33S is applicable
2022-11-22 14:13:47,318 [INFO] Rule:225 - rule GTZC_S instance for VP is applicable
2022-11-22 14:13:47,318 [INFO] Rule:225 - rule GTZC_S instance for signal is applicable
2022-11-22 14:13:47,318 [INFO] Rule:225 - rule SPDIFRX instance for mcu is applicable
2022-11-22 14:13:47,319 [INFO] Rule:225 - rule Rename Tracer Mode is applicable
2022-11-22 14:13:47,319 [INFO] Rule:225 - rule SPDIFRX instance value for IP SPDIFRX is applicable
2022-11-22 14:13:47,319 [INFO] Rule:225 - rule SPDIFRX instance for signal is applicable
2022-11-22 14:13:47,319 [INFO] Rule:225 - rule SPDIFRX instance for project manager is applicable
2022-11-22 14:13:47,319 [INFO] Rule:225 - rule SPDIFRX instance for project manager is applicable
2022-11-22 14:13:47,319 [INFO] Rule:225 - rule ADC Scan  fix with FW F7 is applicable
2022-11-22 14:13:47,319 [INFO] Rule:225 - rule ADC Scan  fix with FW F7 is applicable
2022-11-22 14:13:47,319 [INFO] Rule:225 - rule Change Default Value for ADC Clock Prescaler G0 family is applicable
2022-11-22 14:13:47,319 [INFO] Rule:225 - rule Rename DIE462/DIE415 pin PC14/OSC32_IN -> PC14-OSC32_IN (PC14) is applicable
2022-11-22 14:13:47,320 [INFO] Rule:225 - rule Rename DIE462/DIE415 pin PC15/OSC32_OUT -> PC15-OSC32_OUT (PC15) is applicable
2022-11-22 14:13:47,320 [INFO] Rule:225 - rule Rename DIE462/DIE415 pin PH0/OSC_IN -> PH0-OSC_IN (PH0) is applicable
2022-11-22 14:13:47,320 [INFO] Rule:225 - rule Rename DIE462/DIE415 pin PH1/OSC_OUT -> PH1-OSC_OUT (PH1) is applicable
2022-11-22 14:13:47,320 [INFO] Rule:225 - rule Rename DIE462 pin PA13 -> PA13 (JTMS/SWDIO) is applicable
2022-11-22 14:13:47,320 [INFO] Rule:225 - rule Rename DIE415 pin PA13 -> PA13 (JTMS/SWDIO) is applicable
2022-11-22 14:13:47,320 [INFO] Rule:225 - rule Rename DIE462 pin PA14 -> PA14 (JTCK/SWCLK) is applicable
2022-11-22 14:13:47,320 [INFO] Rule:225 - rule Rename DIE415 pin PA14 -> PA14 (JTCK/SWCLK) is applicable
2022-11-22 14:13:47,320 [INFO] Rule:225 - rule Rename DIE462/DIE415 pin PA15 -> PA15 (JTDI) is applicable
2022-11-22 14:13:47,320 [INFO] Rule:225 - rule Rename DIE462 pin PB3 -> PB3 (JTD0/TRACESWO) is applicable
2022-11-22 14:13:47,320 [INFO] Rule:225 - rule Rename DIE415 pin PB3 -> PB3 (JTD0-TRACESWO) is applicable
2022-11-22 14:13:47,320 [INFO] Rule:225 - rule Rename DIE462/DIE415 pin PB4 -> PB4 (NJTRST) is applicable
2022-11-22 14:13:47,320 [INFO] Rule:225 - rule Rename DIE462 pin PH3/BOOT0 -> PH3-BOOT0 (BOOT0) is applicable
2022-11-22 14:13:47,320 [INFO] Rule:225 - rule Rename CRYP DataEncryptionTypesList to Algorithm is applicable
2022-11-22 14:13:47,321 [INFO] Rule:225 - rule Rename AES DataEncryptionTypesList to Algorithm is applicable
2022-11-22 14:13:47,321 [INFO] Rule:225 - rule Rename TDESECB to CRYP_TDES_ECB is applicable
2022-11-22 14:13:47,321 [INFO] Rule:225 - rule Rename TDESCBC to CRYP_TDES_CBC is applicable
2022-11-22 14:13:47,321 [INFO] Rule:225 - rule Rename DESECB to CRYP_DES_ECB is applicable
2022-11-22 14:13:47,321 [INFO] Rule:225 - rule Rename DESCBC to CRYP_DES_CBC is applicable
2022-11-22 14:13:47,321 [INFO] Rule:225 - rule Rename AESECB to CRYP_AES_ECB is applicable
2022-11-22 14:13:47,321 [INFO] Rule:225 - rule Rename AESCBC to CRYP_AES_CBC is applicable
2022-11-22 14:13:47,321 [INFO] Rule:225 - rule Rename AESCTR to CRYP_AES_CTR is applicable
2022-11-22 14:13:47,321 [INFO] Rule:225 - rule Rename AESGCM to CRYP_AES_GCM is applicable
2022-11-22 14:13:47,321 [INFO] Rule:225 - rule Rename AESCCM to CRYP_AES_CCM is applicable
2022-11-22 14:13:47,321 [INFO] Rule:225 - rule Rename CAN TimeSeg1 to BS1 is applicable
2022-11-22 14:13:47,321 [INFO] Rule:225 - rule Rename CAN TimeSeg2 to BS2 is applicable
2022-11-22 14:13:47,322 [INFO] Rule:225 - rule Rename CAN SyncJumpWidth to SJW is applicable
2022-11-22 14:13:47,322 [INFO] Rule:225 - rule TimeTriggeredMode to TTCM is applicable
2022-11-22 14:13:47,322 [INFO] Rule:225 - rule Rename CAN AutoBusOff to ABOM is applicable
2022-11-22 14:13:47,322 [INFO] Rule:225 - rule Rename CAN AutoWakeUp to AWUM is applicable
2022-11-22 14:13:47,322 [INFO] Rule:225 - rule Rename CAN AutoRetransmission to NART is applicable
2022-11-22 14:13:47,322 [INFO] Rule:225 - rule Rename CAN ReceiveFifoLocked to RFLM is applicable
2022-11-22 14:13:47,322 [INFO] Rule:225 - rule Rename CAN TransmitFifoPriority to TXFP is applicable
2022-11-22 14:13:47,322 [INFO] Rule:225 - rule Rename HRTIMER HRTIM_OUTPUTFAULTLEVEL_HIGH in HRTIMER HRTIM_OUTPUTFAULTLEVEL_HIGHZ is applicable
2022-11-22 14:13:47,322 [INFO] Rule:225 - rule Rename TIMER TIM_CLEARINPUTSOURCE_OCREFCLR in  TIMER TIM_CLEARINPUTSOURCE_NONE for F7 family is applicable
2022-11-22 14:13:47,322 [INFO] Rule:225 - rule FDCAN_R1 - Rename FDCAN mode Master into Classic is applicable
2022-11-22 14:13:47,322 [INFO] Rule:225 - rule FDCAN_R2 - Rename FDCAN mode Slave into Classic is applicable
2022-11-22 14:13:47,322 [INFO] Rule:225 - rule FDCAN1_R3 - if PA10.Mode=FullDuplex, add Pin PA12 is applicable
2022-11-22 14:13:47,322 [INFO] Rule:225 - rule FDCAN1_R3 - if PA9.Mode=FullDuplex, add Pin PA11 is applicable
2022-11-22 14:13:47,323 [INFO] Rule:225 - rule FDCAN1_R3 - Alternatepin_1 - if PE1.Mode=FullDuplex, add Pin PB9 is applicable
2022-11-22 14:13:47,323 [INFO] Rule:225 - rule FDCAN1_R3 - Alternatepin_1 - if PE0.Mode=FullDuplex, add Pin PB8 is applicable
2022-11-22 14:13:47,323 [INFO] Rule:225 - rule FDCAN1_R3 - Alternatepin_2 - if PD5.Mode=FullDuplex, add Pin PD1 is applicable
2022-11-22 14:13:47,323 [INFO] Rule:225 - rule FDCAN1_R3 - Alternatepin_2 - if PD4.Mode=FullDuplex, add Pin PD0 is applicable
2022-11-22 14:13:47,323 [INFO] Rule:225 - rule FDCAN1_R4 - Rename Mode FullDuplex into Enable FDCAN_TXFD for pin PA10 is applicable
2022-11-22 14:13:47,323 [INFO] Rule:225 - rule FDCAN1_R4 - Rename Mode FullDuplex into Enable FDCAN_TXFD for pin PA9 is applicable
2022-11-22 14:13:47,323 [INFO] Rule:225 - rule FDCAN1_R4 - Alternatepin_1 - Rename Mode FullDuplex into Enable FDCAN_TXFD for pin PE1 is applicable
2022-11-22 14:13:47,323 [INFO] Rule:225 - rule FDCAN1_R4 - Alternatepin_1 - Rename Mode FullDuplex into Enable FDCAN_TXFD for pin PE0 is applicable
2022-11-22 14:13:47,323 [INFO] Rule:225 - rule FDCAN1_R4 - Alternatepin_2 - Rename Mode FullDuplex into Enable FDCAN_TXFD for pin PD5 is applicable
2022-11-22 14:13:47,324 [INFO] Rule:225 - rule FDCAN1_R4 - Alternatepin_2 - Rename Mode FullDuplex into Enable FDCAN_TXFD for pin PD4 is applicable
2022-11-22 14:13:47,324 [INFO] Rule:225 - rule FDCAN2_R3 - if PD10.Mode=FullDuplex, add Pin PB13 is applicable
2022-11-22 14:13:47,324 [INFO] Rule:225 - rule FDCAN2_R3 - if PD9.Mode=FullDuplex, add Pin PB12 is applicable
2022-11-22 14:13:47,324 [INFO] Rule:225 - rule FDCAN2_R3 - Alternatepin_1 - if PB7.Mode=FullDuplex, add Pin PB6 is applicable
2022-11-22 14:13:47,324 [INFO] Rule:225 - rule FDCAN2_R3 - Alternatepin_1 - if PD9.Mode=FullDuplex, add Pin PB12 is applicable
2022-11-22 14:13:47,324 [INFO] Rule:225 - rule FDCAN2_R4 - Rename Mode FullDuplex into Enable FDCAN_TXFD for pin PD10 is applicable
2022-11-22 14:13:47,324 [INFO] Rule:225 - rule FDCAN2_R4 - Rename Mode FullDuplex into Enable FDCAN_TXFD for pin PD9 is applicable
2022-11-22 14:13:47,324 [INFO] Rule:225 - rule FDCAN2_R4 - Alternatepin_1 - Rename Mode FullDuplex into Enable FDCAN_TXFD for pin PB7 is applicable
2022-11-22 14:13:47,324 [INFO] Rule:225 - rule FDCAN2_R4 - Alternatepin_1 - Rename Mode FullDuplex into Enable FDCAN_TXFD for pin PD6 is applicable
2022-11-22 14:13:47,324 [INFO] Rule:225 - rule USART TxPinLevelInvertParam Mode is applicable
2022-11-22 14:13:47,324 [INFO] Rule:225 - rule USART RxPinLevelInvertParam Mode is applicable
2022-11-22 14:13:47,325 [INFO] Rule:225 - rule USART DataInvertParam Mode is applicable
2022-11-22 14:13:47,325 [INFO] Rule:225 - rule USART SwapParam Mode is applicable
2022-11-22 14:13:47,325 [INFO] Rule:225 - rule USART OverrunDisableParam Mode is applicable
2022-11-22 14:13:47,325 [INFO] Rule:225 - rule USART DMADisableonRxErrorParam Mode is applicable
2022-11-22 14:13:47,325 [INFO] Rule:225 - rule USART MSBFirstParam Mode is applicable
2022-11-22 14:13:47,325 [INFO] Rule:225 - rule Update MwName for USB_DEVICE is applicable
2022-11-22 14:13:47,325 [INFO] Rule:225 - rule Change PWR_Regulator_Voltage_Scale Default Value for RCC  H7 family is applicable
2022-11-22 14:13:47,325 [INFO] Rule:225 - rule UART/USART IPParameter rename Prescaler parameter to ClockPrescaler is applicable
2022-11-22 14:13:47,325 [INFO] Rule:225 - rule UART/USART Prescaler rename Prescaler parameter to ClockPrescaler is applicable
2022-11-22 14:13:47,325 [INFO] Rule:225 - rule TIM1CLockSelection is applicable
2022-11-22 14:13:47,325 [INFO] Rule:225 - rule TIM15CLockSelection is applicable
2022-11-22 14:13:47,325 [INFO] Rule:225 - rule align RCC SDMMC3CLockSelection default value on MP1 is applicable
2022-11-22 14:13:47,326 [INFO] Rule:225 - rule align RCC SDMMC12CLockSelection default value on MP1 is applicable
2022-11-22 14:13:47,326 [INFO] Rule:225 - rule align RCC QSPICLockSelection default value on MP1 is applicable
2022-11-22 14:13:47,326 [INFO] Rule:225 - rule align RCC QSPICLockSelection default value on MP1 is applicable
2022-11-22 14:13:47,326 [INFO] Rule:225 - rule align RCC SPI6CLockSelection default value on MP1 is applicable
2022-11-22 14:13:47,326 [INFO] Rule:225 - rule align RCC LPTIM23CLockSelection default value on MP1 is applicable
2022-11-22 14:13:47,326 [INFO] Rule:225 - rule align RCC LPTIM1CLockSelection default value on MP1 is applicable
2022-11-22 14:13:47,326 [INFO] Rule:225 - rule align RCC USART1CLockSelection default value on MP1 is applicable
2022-11-22 14:13:47,326 [INFO] Rule:225 - rule align RCC USART24CLockSelection default value on MP1 is applicable
2022-11-22 14:13:47,326 [INFO] Rule:225 - rule align RCC USART6CLockSelection default value on MP1 is applicable
2022-11-22 14:13:47,326 [INFO] Rule:225 - rule align RCC UART78CLockSelection default value on MP1 is applicable
2022-11-22 14:13:47,326 [INFO] Rule:225 - rule align RCC USART35CLockSelection default value on MP1 is applicable
2022-11-22 14:13:47,326 [INFO] Rule:225 - rule align RCC SPI45CLockSelection default value on MP1 is applicable
2022-11-22 14:13:47,326 [INFO] Rule:225 - rule align RCC I2C46CLockSelection BCLK value on MP1 is applicable
2022-11-22 14:13:47,326 [INFO] Rule:225 - rule align RCC SPI45CLockSelection default value on MP1 is applicable
2022-11-22 14:13:47,326 [INFO] Rule:225 - rule align RCC I2C12CLockSelection default value on MP1 is applicable
2022-11-22 14:13:47,326 [INFO] Rule:225 - rule align RCC I2C35CLockSelection default value on MP1 is applicable
2022-11-22 14:13:47,326 [INFO] Rule:225 - rule align RCC LPTIM45CLockSelection default value on MP1 is applicable
2022-11-22 14:13:47,326 [INFO] Rule:225 - rule Rename DCMI PIXCK signal is applicable
2022-11-22 14:13:47,327 [INFO] Rule:225 - rule Change Default Value for I2C46CLockSelection MP1 family is applicable
2022-11-22 14:13:47,327 [INFO] Rule:225 - rule Change Default Value for UART for G4, G0 and WB families is applicable
2022-11-22 14:13:47,327 [INFO] Rule:225 - rule Change Default Value for USART for G4, G0 and WB families is applicable
2022-11-22 14:13:47,327 [INFO] Rule:225 - rule Change Default Value for USART for G4 family is applicable
2022-11-22 14:13:47,327 [INFO] Rule:225 - rule Change USART1CLockSelection refparam name for MP1 is applicable
2022-11-22 14:13:47,327 [INFO] Rule:225 - rule Change USART2CLockSelection refparam name for MP1 is applicable
2022-11-22 14:13:47,327 [INFO] Rule:225 - rule Change USART3CLockSelection refparam name for MP1 is applicable
2022-11-22 14:13:47,327 [INFO] Rule:225 - rule Change UART4CLockSelection refparam name for MP1 is applicable
2022-11-22 14:13:47,327 [INFO] Rule:225 - rule Change UART5CLockSelection refparam name for MP1 is applicable
2022-11-22 14:13:47,327 [INFO] Rule:225 - rule Change LPUART1CLockSelection refparam name for MP1 is applicable
2022-11-22 14:13:47,327 [INFO] Rule:225 - rule Change LPTIM1CLockSelection refparam name for MP1 is applicable
2022-11-22 14:13:47,327 [INFO] Rule:225 - rule Change LPTIM2CLockSelection refparam name for MP1 is applicable
2022-11-22 14:13:47,327 [INFO] Rule:225 - rule Change RCC_MCO1Source refparam name for MP1 is applicable
2022-11-22 14:13:47,328 [INFO] Rule:225 - rule Change LSCOSource1 refparam name for MP1 is applicable
2022-11-22 14:13:47,328 [INFO] Rule:225 - rule Change SMPSCLockSelection refparam name for MP1 is applicable
2022-11-22 14:13:47,328 [INFO] Rule:225 - rule Change LPTIM3CLockSelection refparam name for MP1 is applicable
2022-11-22 14:13:47,328 [INFO] Rule:225 - rule Change MPCBB* Default Template Mode to Parameters is applicable
2022-11-22 14:13:47,328 [INFO] Rule:225 - rule Change MPCWM* or MPCBB* Secure Mode to Parameters is applicable
2022-11-22 14:13:47,328 [INFO] Rule:225 - rule Change MPCWM* or MPCBB* No Secure Mode to Parameters is applicable
2022-11-22 14:13:47,328 [INFO] Rule:225 - rule Change TZSC IP Secure Mode to Parameters is applicable
2022-11-22 14:13:47,328 [INFO] Rule:225 - rule Change TZSC IP No Secure Mode to Parameters is applicable
2022-11-22 14:13:47,328 [INFO] Rule:225 - rule Change TZSC IP Privilege Mode to Parameters is applicable
2022-11-22 14:13:47,328 [INFO] Rule:225 - rule Change TZSC IP No Privilege Mode to Parameters is applicable
2022-11-22 14:13:47,328 [INFO] Rule:225 - rule Change TZIC IT Secure Mode to Parameters is applicable
2022-11-22 14:13:47,328 [INFO] Rule:225 - rule Change TZIC IT No Secure Mode to Parameters is applicable
2022-11-22 14:13:47,328 [INFO] Rule:225 - rule Add MPCBB1_NonSecureArea_Start_Address value with referenced to MPCBB1_NonSecureArea_Start value is applicable
2022-11-22 14:13:47,328 [INFO] Rule:225 - rule Add MPCBB2_NonSecureArea_Start_Address value with referenced to MPCBB2_NonSecureArea_Start value is applicable
2022-11-22 14:13:47,328 [INFO] Rule:225 - rule Add MPCWM1_NonSecureArea*_Start_Address value with referenced to MPCWM1_NonSecureArea*_Start value is applicable
2022-11-22 14:13:47,328 [INFO] Rule:225 - rule Add MPCWM2_NonSecureArea*_Start_Address value with referenced to MPCWM2_NonSecureArea*_Start value is applicable
2022-11-22 14:13:47,328 [INFO] Rule:225 - rule Add MPCWM3_NonSecureArea_Start_Address value with referenced to MPCWM3_NonSecureArea_Start value is applicable
2022-11-22 14:13:47,329 [INFO] Rule:225 - rule Change Default Value for PLL1UserDefinedConfig is applicable
2022-11-22 14:13:47,329 [INFO] Rule:225 - rule Change GPIO_PuPd Default Value for USART in async mode is applicable
2022-11-22 14:13:47,329 [INFO] Rule:225 - rule Change SMPSDivider Default Value is applicable
2022-11-22 14:13:47,329 [INFO] Rule:225 - rule OPAMP is applicable
2022-11-22 14:13:47,329 [INFO] Rule:225 - rule LPUART IPParameter rename Prescaler parameter to ClockPrescaler for STM32H7 is applicable
2022-11-22 14:13:47,329 [INFO] Rule:225 - rule LPUART IPParameter rename Prescaler parameter to ClockPrescaler for STM32H7 is applicable
2022-11-22 14:13:47,329 [INFO] Rule:225 - rule LPUART IPParameter rename Prescaler parameter to ClockPrescaler for STM32WB is applicable
2022-11-22 14:13:47,329 [INFO] Rule:225 - rule LPUART IPParameter rename Prescaler parameter to ClockPrescaler for STM32WB is applicable
2022-11-22 14:13:47,329 [INFO] Rule:225 - rule LPUART IPParameter rename Prescaler parameter to ClockPrescaler for STM32G4 is applicable
2022-11-22 14:13:47,329 [INFO] Rule:225 - rule LPUART IPParameter rename Prescaler parameter to ClockPrescaler for STM32G4 is applicable
2022-11-22 14:13:47,329 [INFO] Rule:225 - rule LPUART IPParameter rename Prescaler parameter to ClockPrescaler for STM32L5 is applicable
2022-11-22 14:13:47,330 [INFO] Rule:225 - rule LPUART IPParameter rename Prescaler parameter to ClockPrescaler for STM32L5 is applicable
2022-11-22 14:13:47,330 [INFO] Rule:225 - rule LPUART IPParameter rename Prescaler parameter to ClockPrescaler for STM32G4 is applicable
2022-11-22 14:13:47,330 [INFO] Rule:225 - rule LPUART IPParameter rename Prescaler parameter to ClockPrescaler for STM32G4 is applicable
2022-11-22 14:13:47,330 [INFO] Rule:225 - rule USB device lib V2.5.3 for L0 rename USBD_SUPPORT_USER_STRING parameter to USBD_SUPPORT_USER_STRING_DESC4 is applicable
2022-11-22 14:13:47,330 [INFO] Rule:225 - rule I2SCLockSelection clock entry align is applicable
2022-11-22 14:13:47,330 [INFO] Rule:225 - rule Assign TIMx context if used as SYS timebase is applicable
2022-11-22 14:13:47,330 [INFO] Rule:225 - rule Change GPIO_Pu Default Value for I2C is applicable
2022-11-22 14:13:47,330 [INFO] Rule:225 - rule Change GPIO_Pu Default Value for SMBus is applicable
2022-11-22 14:13:47,330 [INFO] Rule:225 - rule change FDCAN default value is applicable
2022-11-22 14:13:47,331 [INFO] Rule:225 - rule Change mode sai is applicable
2022-11-22 14:13:47,331 [INFO] Rule:225 - rule **Change sai mode is applicable
2022-11-22 14:13:47,355 [INFO] DbConfProperties:305 - Apply Compatibility (31/204 Rules)
2022-11-22 14:13:47,376 [INFO] ImportTextPane:193 - (OptionalMessage_ERROR) Unable to find key (Mcu.ThirdPartyNb) in loaded IOC file
2022-11-22 14:13:47,481 [WARN] ApiManager:308 - Cannot register API 'Board Extension:GNSS1A1' from pack STMicroelectronics.X-CUBE-GNSS1.6.0.0: no header file found
2022-11-22 14:13:47,482 [WARN] ApiManager:308 - Cannot register API 'Board Support:Custom' from pack STMicroelectronics.X-CUBE-GNSS1.6.0.0: no header file found
2022-11-22 14:13:47,482 [WARN] ApiManager:308 - Cannot register API 'Data Exchange:lib_gnss' from pack STMicroelectronics.X-CUBE-GNSS1.6.0.0: no header file found
2022-11-22 14:13:47,620 [WARN] ApiManager:308 - Cannot register API 'Board Extension:IKS01A3' from pack STMicroelectronics.X-CUBE-MEMS1.9.2.0: no header file found
2022-11-22 14:13:47,620 [WARN] ApiManager:308 - Cannot register API 'Board Extension:IKS01A2' from pack STMicroelectronics.X-CUBE-MEMS1.9.2.0: no header file found
2022-11-22 14:13:47,620 [WARN] ApiManager:308 - Cannot register API 'Board Extension:IKS02A1' from pack STMicroelectronics.X-CUBE-MEMS1.9.2.0: no header file found
2022-11-22 14:13:47,631 [WARN] ApiManager:308 - Cannot register API 'Wireless:BlueNRG-MS' from pack STMicroelectronics.X-CUBE-BLE1.6.2.3: no header file found
2022-11-22 14:13:47,633 [INFO] RtosManager:488 - Registered RTOS mode: class=CMSIS, group=RTOS, mode=CMSIS_V1, owner=FREERTOS
2022-11-22 14:13:47,634 [INFO] RtosManager:488 - Registered RTOS mode: class=CMSIS, group=RTOS2, mode=CMSIS_V2, owner=FREERTOS
2022-11-22 14:13:47,634 [INFO] RtosManager:488 - Registered RTOS mode: class=RTOS, group=Core, mode=CMSIS_V1, owner=FREERTOS
2022-11-22 14:13:47,634 [INFO] RtosManager:488 - Registered RTOS mode: class=RTOS, group=Core, mode=CMSIS_V2, owner=FREERTOS
2022-11-22 14:13:47,634 [WARN] ModelIntegratedComponent:185 - Missing modes for component STMicroelectronics:FreeRTOS:0.0.1:STMicroelectronics:RTOS:FreeRTOS:Core:::10.2.0:
2022-11-22 14:13:47,638 [WARN] ApiManager:308 - Cannot register API 'Board Extension:S2868A1' from pack STMicroelectronics.X-CUBE-SUBG2.5.0.0: no header file found
2022-11-22 14:13:47,638 [WARN] ApiManager:308 - Cannot register API 'Board Extension:S2868A2' from pack STMicroelectronics.X-CUBE-SUBG2.5.0.0: no header file found
2022-11-22 14:13:47,638 [WARN] ApiManager:308 - Cannot register API 'Board Extension:S2915A1' from pack STMicroelectronics.X-CUBE-SUBG2.5.0.0: no header file found
2022-11-22 14:13:47,644 [WARN] ApiManager:308 - Cannot register API 'Board Extension:NFC04A1' from pack STMicroelectronics.X-CUBE-NFC4.2.0.5: no header file found
2022-11-22 14:13:47,646 [WARN] ApiManager:308 - Cannot register API 'Board Extension:NFC04A1' from pack STMicroelectronics.X-CUBE-NFC4.2.0.4: no header file found
2022-11-22 14:13:47,655 [WARN] ModelIntegratedComponent:64 - No mode defined for component null
2022-11-22 14:13:47,655 [WARN] ModelIntegratedComponent:64 - No mode defined for component null
2022-11-22 14:13:47,655 [WARN] ModelIntegratedComponent:64 - No mode defined for component null
2022-11-22 14:13:47,655 [WARN] ModelIntegratedComponent:64 - No mode defined for component null
2022-11-22 14:13:47,655 [WARN] ModelIntegratedComponent:64 - No mode defined for component null
2022-11-22 14:13:47,655 [WARN] ModelIntegratedComponent:64 - No mode defined for component null
2022-11-22 14:13:47,655 [WARN] ModelIntegratedComponent:64 - No mode defined for component null
2022-11-22 14:13:47,655 [WARN] ModelIntegratedComponent:64 - No mode defined for component null
2022-11-22 14:13:47,655 [WARN] ModelIntegratedComponent:64 - No mode defined for component null
2022-11-22 14:13:47,656 [WARN] ModelIntegratedComponent:64 - No mode defined for component null
2022-11-22 14:13:47,656 [WARN] ModelIntegratedComponent:64 - No mode defined for component null
2022-11-22 14:13:47,656 [WARN] ModelIntegratedComponent:64 - No mode defined for component null
2022-11-22 14:13:47,656 [WARN] ModelIntegratedComponent:64 - No mode defined for component null
2022-11-22 14:13:47,656 [WARN] ModelIntegratedComponent:64 - No mode defined for component null
2022-11-22 14:13:47,656 [WARN] ModelIntegratedComponent:64 - No mode defined for component null
2022-11-22 14:13:47,656 [WARN] ModelIntegratedComponent:64 - No mode defined for component null
2022-11-22 14:13:47,656 [WARN] ModelIntegratedComponent:64 - No mode defined for component null
2022-11-22 14:13:47,656 [WARN] ModelIntegratedComponent:64 - No mode defined for component null
2022-11-22 14:13:47,656 [WARN] ModelIntegratedComponent:64 - No mode defined for component null
2022-11-22 14:13:47,656 [WARN] ModelIntegratedComponent:64 - No mode defined for component null
2022-11-22 14:13:47,656 [WARN] ModelIntegratedComponent:64 - No mode defined for component null
2022-11-22 14:13:47,656 [WARN] ModelIntegratedComponent:64 - No mode defined for component null
2022-11-22 14:13:47,656 [WARN] ModelIntegratedComponent:64 - No mode defined for component null
2022-11-22 14:13:47,656 [WARN] ModelIntegratedComponent:64 - No mode defined for component null
2022-11-22 14:13:47,656 [WARN] ModelIntegratedComponent:64 - No mode defined for component null
2022-11-22 14:13:47,656 [WARN] ModelIntegratedComponent:64 - No mode defined for component null
2022-11-22 14:13:47,656 [WARN] ModelIntegratedComponent:64 - No mode defined for component null
2022-11-22 14:13:47,656 [WARN] ModelIntegratedComponent:64 - No mode defined for component null
2022-11-22 14:13:47,656 [WARN] ModelIntegratedComponent:64 - No mode defined for component null
2022-11-22 14:13:47,657 [WARN] ModelIntegratedComponent:64 - No mode defined for component null
2022-11-22 14:13:47,657 [WARN] ModelIntegratedComponent:64 - No mode defined for component null
2022-11-22 14:13:47,657 [WARN] ModelIntegratedComponent:64 - No mode defined for component null
2022-11-22 14:13:47,657 [WARN] ModelIntegratedComponent:64 - No mode defined for component null
2022-11-22 14:13:47,659 [WARN] ApiManager:308 - Cannot register API 'Board Extension:NFC07A1' from pack STMicroelectronics.X-CUBE-NFC7.1.0.0: no header file found
2022-11-22 14:13:47,720 [WARN] ApiManager:308 - Cannot register API 'Board Extension:IKS01A3' from pack STMicroelectronics.X-CUBE-MEMS1.9.3.0: no header file found
2022-11-22 14:13:47,720 [WARN] ApiManager:308 - Cannot register API 'Board Extension:IKS01A2' from pack STMicroelectronics.X-CUBE-MEMS1.9.3.0: no header file found
2022-11-22 14:13:47,720 [WARN] ApiManager:308 - Cannot register API 'Board Extension:IKS02A1' from pack STMicroelectronics.X-CUBE-MEMS1.9.3.0: no header file found
2022-11-22 14:13:47,727 [WARN] ApiManager:308 - Cannot register API 'Board Extension:EEPRMA1' from pack STMicroelectronics.X-CUBE-EEPRMA1.3.1.1: no header file found
2022-11-22 14:13:47,727 [WARN] ApiManager:308 - Cannot register API 'Board Extension:EEPRMA2' from pack STMicroelectronics.X-CUBE-EEPRMA1.3.1.1: no header file found
2022-11-22 14:13:47,728 [WARN] ApiManager:308 - Cannot register API 'Board Extension:S2868A1' from pack STMicroelectronics.X-CUBE-SFXS2LP1.4.0.0: no header file found
2022-11-22 14:13:47,728 [WARN] ApiManager:308 - Cannot register API 'Board Extension:S2868A2' from pack STMicroelectronics.X-CUBE-SFXS2LP1.4.0.0: no header file found
2022-11-22 14:13:47,728 [WARN] ApiManager:308 - Cannot register API 'Board Extension:S2915A1' from pack STMicroelectronics.X-CUBE-SFXS2LP1.4.0.0: no header file found
2022-11-22 14:13:47,729 [WARN] ApiManager:308 - Cannot register API 'Wireless:BlueNRG-2' from pack STMicroelectronics.X-CUBE-BLE2.3.3.0: no header file found
2022-11-22 14:13:47,742 [INFO] ThirdPartyModel:289 - Start build external matchings
2022-11-22 14:13:48,226 [INFO] ThirdPartyModel:302 - End build external matchings
2022-11-22 14:13:48,246 [INFO] ImportTextPane:193 - (OptionalMessage_ERROR) IP (RCC) : Invalid parameter (ADC12outputFreq_Value)
2022-11-22 14:13:48,246 [INFO] ImportTextPane:193 - (OptionalMessage_ERROR) IP (RCC) : Invalid parameter (ADC34outputFreq_Value)
2022-11-22 14:13:48,246 [INFO] ImportTextPane:193 - (OptionalMessage_ERROR) IP (RCC) : Invalid parameter (FamilyName)
2022-11-22 14:13:48,246 [INFO] ImportTextPane:193 - (OptionalMessage_ERROR) IP (RCC) : Invalid parameter (I2C1Freq_Value)
2022-11-22 14:13:48,246 [INFO] ImportTextPane:193 - (OptionalMessage_ERROR) IP (RCC) : Invalid parameter (I2C2Freq_Value)
2022-11-22 14:13:48,246 [INFO] ImportTextPane:193 - (OptionalMessage_ERROR) IP (RCC) : Invalid parameter (I2C3Freq_Value)
2022-11-22 14:13:48,247 [INFO] ImportTextPane:193 - (OptionalMessage_ERROR) IP (RCC) : Parameter (MCO2PinFreq_Value) has invalid value (168000000)
2022-11-22 14:13:48,247 [INFO] ImportTextPane:193 - (OptionalMessage_ERROR) IP (RCC) : Invalid parameter (MCOFreq_Value)
2022-11-22 14:13:48,248 [INFO] ImportTextPane:193 - (OptionalMessage_ERROR) IP (RCC) : Invalid parameter (PLLMCOFreq_Value)
2022-11-22 14:13:48,248 [INFO] ImportTextPane:193 - (OptionalMessage_ERROR) IP (RCC) : Invalid parameter (PLLMUL)
2022-11-22 14:13:48,248 [INFO] ImportTextPane:193 - (OptionalMessage_ERROR) IP (RCC) : Invalid parameter (PRESCALERUSB)
2022-11-22 14:13:48,248 [INFO] ImportTextPane:193 - (OptionalMessage_ERROR) IP (RCC) : Parameter (RTCHSEDivFreq_Value) has invalid value (4000000)
2022-11-22 14:13:48,248 [INFO] ImportTextPane:193 - (OptionalMessage_ERROR) IP (RCC) : Invalid parameter (SYSCLKSourceVirtual)
2022-11-22 14:13:48,248 [INFO] ImportTextPane:193 - (OptionalMessage_ERROR) IP (RCC) : Invalid parameter (TIM15Freq_Value)
2022-11-22 14:13:48,248 [INFO] ImportTextPane:193 - (OptionalMessage_ERROR) IP (RCC) : Invalid parameter (TIM16Freq_Value)
2022-11-22 14:13:48,248 [INFO] ImportTextPane:193 - (OptionalMessage_ERROR) IP (RCC) : Invalid parameter (TIM17Freq_Value)
2022-11-22 14:13:48,248 [INFO] ImportTextPane:193 - (OptionalMessage_ERROR) IP (RCC) : Invalid parameter (TIM1Freq_Value)
2022-11-22 14:13:48,248 [INFO] ImportTextPane:193 - (OptionalMessage_ERROR) IP (RCC) : Invalid parameter (TIM20Freq_Value)
2022-11-22 14:13:48,248 [INFO] ImportTextPane:193 - (OptionalMessage_ERROR) IP (RCC) : Invalid parameter (TIM2Freq_Value)
2022-11-22 14:13:48,248 [INFO] ImportTextPane:193 - (OptionalMessage_ERROR) IP (RCC) : Invalid parameter (TIM3Freq_Value)
2022-11-22 14:13:48,248 [INFO] ImportTextPane:193 - (OptionalMessage_ERROR) IP (RCC) : Invalid parameter (TIM8Freq_Value)
2022-11-22 14:13:48,248 [INFO] ImportTextPane:193 - (OptionalMessage_ERROR) IP (RCC) : Invalid parameter (UART4Freq_Value)
2022-11-22 14:13:48,248 [INFO] ImportTextPane:193 - (OptionalMessage_ERROR) IP (RCC) : Invalid parameter (UART5Freq_Value)
2022-11-22 14:13:48,249 [INFO] ImportTextPane:193 - (OptionalMessage_ERROR) IP (RCC) : Invalid parameter (USART1Freq_Value)
2022-11-22 14:13:48,249 [INFO] ImportTextPane:193 - (OptionalMessage_ERROR) IP (RCC) : Invalid parameter (USART2Freq_Value)
2022-11-22 14:13:48,249 [INFO] ImportTextPane:193 - (OptionalMessage_ERROR) IP (RCC) : Invalid parameter (USART3Freq_Value)
2022-11-22 14:13:48,249 [INFO] ImportTextPane:193 - (OptionalMessage_ERROR) IP (RCC) : Invalid parameter (USBFreq_Value)
2022-11-22 14:13:48,249 [INFO] ImportTextPane:193 - (OptionalMessage_ERROR) IP (RCC) : Invalid parameter (VCOOutput2Freq_Value)
2022-11-22 14:13:48,670 [INFO] UtilMem:74 - End LoadConfig() Used Memory: 618224864 Bytes (694157312)
2022-11-22 14:13:48,701 [WARN] ThirdParty:789 - waiting for thirdparty lock release [change project]
2022-11-22 14:13:48,701 [INFO] ThirdParty:791 - entering critical section [change project]
2022-11-22 14:13:48,702 [INFO] ThirdParty:981 - CMSIS Pack Vendor :STMicroelectronics X-CUBE-ISPU 1.1.0
2022-11-22 14:13:48,702 [INFO] ThirdParty:981 - CMSIS Pack Vendor :RoweBots I-CUBE-UNISONRTOS 5.5.0-4
2022-11-22 14:13:48,702 [INFO] ThirdParty:981 - CMSIS Pack Vendor :STMicroelectronics X-CUBE-GNSS1 6.0.0
2022-11-22 14:13:48,702 [INFO] ThirdParty:981 - CMSIS Pack Vendor :STMicroelectronics X-CUBE-AZRTOS-H7 2.1.0
2022-11-22 14:13:48,702 [INFO] ThirdParty:981 - CMSIS Pack Vendor :STMicroelectronics USB_HOST 2.0.0
2022-11-22 14:13:48,702 [INFO] ThirdParty:981 - CMSIS Pack Vendor :STMicroelectronics X-CUBE-AZRTOS-F4 1.1.0
2022-11-22 14:13:48,702 [INFO] ThirdParty:981 - CMSIS Pack Vendor :STMicroelectronics LIBJPEG 8.0.0
2022-11-22 14:13:48,702 [INFO] ThirdParty:981 - CMSIS Pack Vendor :STMicroelectronics USB_DEVICE 3.0.0
2022-11-22 14:13:48,702 [INFO] ThirdParty:981 - CMSIS Pack Vendor :STMicroelectronics X-CUBE-BLEMGR 1.0.0
2022-11-22 14:13:48,702 [INFO] ThirdParty:981 - CMSIS Pack Vendor :STMicroelectronics X-CUBE-MEMS1 9.2.0
2022-11-22 14:13:48,702 [INFO] ThirdParty:981 - CMSIS Pack Vendor :STMicroelectronics X-CUBE-BLEMGR 1.2.0
2022-11-22 14:13:48,703 [INFO] ThirdParty:981 - CMSIS Pack Vendor :STMicroelectronics X-CUBE-AZRTOS-F7 1.1.0
2022-11-22 14:13:48,703 [INFO] ThirdParty:981 - CMSIS Pack Vendor :STMicroelectronics USB_DEVICE 2.0.0
2022-11-22 14:13:48,703 [INFO] ThirdParty:981 - CMSIS Pack Vendor :STMicroelectronics X-CUBE-AI 7.3.0
2022-11-22 14:13:48,703 [INFO] ThirdParty:981 - CMSIS Pack Vendor :STMicroelectronics X-CUBE-BLE1 6.2.3
2022-11-22 14:13:48,704 [INFO] ThirdParty:981 - CMSIS Pack Vendor :STMicroelectronics X-CUBE-ALGOBUILD 1.3.0
2022-11-22 14:13:48,704 [INFO] ThirdParty:981 - CMSIS Pack Vendor :STMicroelectronics FreeRTOS 0.0.1
2022-11-22 14:13:48,704 [INFO] ThirdParty:981 - CMSIS Pack Vendor :STMicroelectronics X-CUBE-AZRTOS-G0 1.1.0
2022-11-22 14:13:48,704 [INFO] ThirdParty:981 - CMSIS Pack Vendor :STMicroelectronics X-CUBE-SUBG2 5.0.0
2022-11-22 14:13:48,704 [INFO] ThirdParty:981 - CMSIS Pack Vendor :SEGGER I-CUBE-embOS 1.2.0
2022-11-22 14:13:48,704 [INFO] ThirdParty:981 - CMSIS Pack Vendor :STMicroelectronics STM32_WPAN 1.0.0
2022-11-22 14:13:48,704 [INFO] ThirdParty:981 - CMSIS Pack Vendor :STMicroelectronics lwIP 2.0.3
2022-11-22 14:13:48,704 [INFO] ThirdParty:981 - CMSIS Pack Vendor :STMicroelectronics X-CUBE-NFC4 2.0.5
2022-11-22 14:13:48,704 [INFO] ThirdParty:981 - CMSIS Pack Vendor :STMicroelectronics X-CUBE-NFC4 2.0.4
2022-11-22 14:13:48,704 [INFO] ThirdParty:981 - CMSIS Pack Vendor :STMicroelectronics USB_HOST 1.0.0
2022-11-22 14:13:48,704 [INFO] ThirdParty:981 - CMSIS Pack Vendor :STMicroelectronics PDM2PCM 3.1.0
2022-11-22 14:13:48,704 [INFO] ThirdParty:981 - CMSIS Pack Vendor :STMicroelectronics FP-ATR-ASTRA1 1.1.1
2022-11-22 14:13:48,705 [INFO] ThirdParty:981 - CMSIS Pack Vendor :STMicroelectronics PDM2PCM 3.3.0
2022-11-22 14:13:48,705 [INFO] ThirdParty:981 - CMSIS Pack Vendor :STMicroelectronics X-CUBE-TOF1 3.1.0
2022-11-22 14:13:48,705 [INFO] ThirdParty:981 - CMSIS Pack Vendor :STMicroelectronics FP-ATR-ASTRA1 1.1.0
2022-11-22 14:13:48,705 [INFO] ThirdParty:981 - CMSIS Pack Vendor :STMicroelectronics X-CUBE-AZRTOS-F4 1.0.0
2022-11-22 14:13:48,705 [INFO] ThirdParty:981 - CMSIS Pack Vendor :STMicroelectronics X-CUBE-AZRTOS-G4 1.0.0
2022-11-22 14:13:48,705 [INFO] ThirdParty:981 - CMSIS Pack Vendor :STMicroelectronics FP-ATR-SIGFOX1 3.2.0
2022-11-22 14:13:48,705 [INFO] ThirdParty:981 - CMSIS Pack Vendor :wolfSSL I-CUBE-wolfSSL 5.3.0
2022-11-22 14:13:48,705 [INFO] ThirdParty:981 - CMSIS Pack Vendor :STMicroelectronics X-CUBE-AZRTOS-L4 1.0.0
2022-11-22 14:13:48,705 [INFO] ThirdParty:981 - CMSIS Pack Vendor :STMicroelectronics HAL Drivers 0.0.0
2022-11-22 14:13:48,705 [INFO] ThirdParty:981 - CMSIS Pack Vendor :STMicroelectronics MBEDTLS 2.16.2
2022-11-22 14:13:48,705 [INFO] ThirdParty:981 - CMSIS Pack Vendor :emotas I-CUBE-CANOPEN 1.1.2
2022-11-22 14:13:48,705 [INFO] ThirdParty:981 - CMSIS Pack Vendor :STMicroelectronics X-CUBE-TOUCHGFX 4.20.0
2022-11-22 14:13:48,705 [INFO] ThirdParty:981 - CMSIS Pack Vendor :STMicroelectronics MBEDTLS 2.14.1
2022-11-22 14:13:48,705 [INFO] ThirdParty:981 - CMSIS Pack Vendor :STMicroelectronics X-CUBE-NFC7 1.0.0
2022-11-22 14:13:48,705 [INFO] ThirdParty:981 - CMSIS Pack Vendor :STMicroelectronics X-CUBE-AZRTOS-F7 1.0.0
2022-11-22 14:13:48,705 [INFO] ThirdParty:981 - CMSIS Pack Vendor :STMicroelectronics X-CUBE-AZRTOS-WL 1.0.0
2022-11-22 14:13:48,705 [INFO] ThirdParty:981 - CMSIS Pack Vendor :STMicroelectronics X-CUBE-MEMS1 9.3.0
2022-11-22 14:13:48,705 [INFO] ThirdParty:981 - CMSIS Pack Vendor :portGmbH I-Cube-SoM-uGOAL 1.1.0
2022-11-22 14:13:48,705 [INFO] ThirdParty:981 - CMSIS Pack Vendor :STMicroelectronics X-CUBE-ALS 1.0.1
2022-11-22 14:13:48,705 [INFO] ThirdParty:981 - CMSIS Pack Vendor :STMicroelectronics X-CUBE-AI 7.2.0
2022-11-22 14:13:48,706 [INFO] ThirdParty:981 - CMSIS Pack Vendor :STMicroelectronics ThreadX 1.0.0
2022-11-22 14:13:48,706 [INFO] ThirdParty:981 - CMSIS Pack Vendor :STMicroelectronics X-CUBE-AZRTOS-L5 1.0.0
2022-11-22 14:13:48,706 [INFO] ThirdParty:981 - CMSIS Pack Vendor :STMicroelectronics USB_DEVICE 1.0.0
2022-11-22 14:13:48,706 [INFO] ThirdParty:981 - CMSIS Pack Vendor :STMicroelectronics X-CUBE-EEPRMA1 3.1.1
2022-11-22 14:13:48,706 [INFO] ThirdParty:981 - CMSIS Pack Vendor :STMicroelectronics ThreadX 0.0.2
2022-11-22 14:13:48,706 [INFO] ThirdParty:981 - CMSIS Pack Vendor :STMicroelectronics lwIP 2.1.2
2022-11-22 14:13:48,706 [INFO] ThirdParty:981 - CMSIS Pack Vendor :STMicroelectronics X-CUBE-SFXS2LP1 4.0.0
2022-11-22 14:13:48,706 [INFO] ThirdParty:981 - CMSIS Pack Vendor :STMicroelectronics X-CUBE-BLE2 3.3.0
2022-11-22 14:13:48,706 [INFO] ThirdParty:981 - CMSIS Pack Vendor :STMicroelectronics X-CUBE-DISPLAY 2.2.0
2022-11-22 14:13:48,706 [INFO] ThirdParty:981 - CMSIS Pack Vendor :STMicroelectronics X-CUBE-TOF1 3.2.0
2022-11-22 14:13:48,706 [INFO] ThirdParty:981 - CMSIS Pack Vendor :STMicroelectronics PDM2PCM 3.2.0
2022-11-22 14:13:48,706 [INFO] ThirdParty:981 - CMSIS Pack Vendor :STMicroelectronics X-CUBE-ISPU 1.0.0
2022-11-22 14:13:48,706 [INFO] ThirdParty:797 - exiting critical section [change project]
2022-11-22 14:13:49,179 [INFO] PinOutPanel:1468 - setPackage(No Configuration,No Configuration)
2022-11-22 14:13:49,181 [INFO] PinOutPanel:1468 - setPackage(STM32F429ZITx,LQFP144)
2022-11-22 14:13:50,755 [INFO] UtilMem:74 - Before build in PCC Used Memory: 625780016 Bytes (723517440)
2022-11-22 14:13:52,766 [INFO] UtilMem:74 - After build in PCC Used Memory: 630169040 Bytes (723517440)
2022-11-22 14:13:52,890 [INFO] IPUIPlugin:79 - create IPUIPlugin
2022-11-22 14:13:52,890 [INFO] IPUIPlugin:79 - create IPUIPlugin
2022-11-22 14:13:52,891 [INFO] IPUIPlugin:79 - create IPUIPlugin
2022-11-22 14:13:52,891 [INFO] IPUIPlugin:79 - create IPUIPlugin
2022-11-22 14:13:52,891 [INFO] IPUIPlugin:79 - create IPUIPlugin
2022-11-22 14:13:52,892 [INFO] IPUIPlugin:79 - create IPUIPlugin
2022-11-22 14:13:52,892 [INFO] IPUIPlugin:79 - create IPUIPlugin
2022-11-22 14:13:52,892 [INFO] IPUIPlugin:79 - create IPUIPlugin
2022-11-22 14:13:52,892 [INFO] IPUIPlugin:79 - create IPUIPlugin
2022-11-22 14:13:52,892 [INFO] IPUIPlugin:79 - create IPUIPlugin
2022-11-22 14:13:52,892 [INFO] IPUIPlugin:79 - create IPUIPlugin
2022-11-22 14:13:52,893 [INFO] IPUIPlugin:79 - create IPUIPlugin
2022-11-22 14:13:52,893 [INFO] IPUIPlugin:79 - create IPUIPlugin
2022-11-22 14:13:52,893 [INFO] IPUIPlugin:79 - create IPUIPlugin
2022-11-22 14:13:52,894 [INFO] IPUIPlugin:79 - create IPUIPlugin
2022-11-22 14:13:52,894 [INFO] IPUIPlugin:79 - create IPUIPlugin
2022-11-22 14:13:52,895 [INFO] IPUIPlugin:79 - create IPUIPlugin
2022-11-22 14:13:52,895 [INFO] IPUIPlugin:79 - create IPUIPlugin
2022-11-22 14:13:52,895 [INFO] IPUIPlugin:79 - create IPUIPlugin
2022-11-22 14:13:52,895 [INFO] IPUIPlugin:79 - create IPUIPlugin
2022-11-22 14:13:52,896 [INFO] IPUIPlugin:79 - create IPUIPlugin
2022-11-22 14:13:52,896 [INFO] IPUIPlugin:79 - create IPUIPlugin
2022-11-22 14:13:52,896 [INFO] IPUIPlugin:79 - create IPUIPlugin
2022-11-22 14:13:52,897 [INFO] IPUIPlugin:79 - create IPUIPlugin
2022-11-22 14:13:52,897 [INFO] IPUIPlugin:79 - create IPUIPlugin
2022-11-22 14:13:52,897 [INFO] IPUIPlugin:79 - create IPUIPlugin
2022-11-22 14:13:52,897 [INFO] IPUIPlugin:79 - create IPUIPlugin
2022-11-22 14:13:52,898 [INFO] IPUIPlugin:79 - create IPUIPlugin
2022-11-22 14:13:52,898 [INFO] IPUIPlugin:79 - create IPUIPlugin
2022-11-22 14:13:52,898 [INFO] IPUIPlugin:79 - create IPUIPlugin
2022-11-22 14:13:52,898 [INFO] IPUIPlugin:79 - create IPUIPlugin
2022-11-22 14:13:52,899 [INFO] IPUIPlugin:79 - create IPUIPlugin
2022-11-22 14:13:52,899 [INFO] IPUIPlugin:79 - create IPUIPlugin
2022-11-22 14:13:52,900 [INFO] IPUIPlugin:79 - create IPUIPlugin
2022-11-22 14:13:52,901 [INFO] IPUIPlugin:79 - create IPUIPlugin
2022-11-22 14:13:52,901 [INFO] IPUIPlugin:79 - create IPUIPlugin
2022-11-22 14:13:52,902 [INFO] IPUIPlugin:79 - create IPUIPlugin
2022-11-22 14:13:52,902 [INFO] IPUIPlugin:79 - create IPUIPlugin
2022-11-22 14:13:52,902 [INFO] IPUIPlugin:79 - create IPUIPlugin
2022-11-22 14:13:52,902 [INFO] IPUIPlugin:79 - create IPUIPlugin
2022-11-22 14:13:52,903 [INFO] IPUIPlugin:79 - create IPUIPlugin
2022-11-22 14:13:52,903 [INFO] IPUIPlugin:79 - create IPUIPlugin
2022-11-22 14:13:52,903 [INFO] IPUIPlugin:79 - create IPUIPlugin
2022-11-22 14:13:52,904 [INFO] IPUIPlugin:79 - create IPUIPlugin
2022-11-22 14:13:52,904 [INFO] IPUIPlugin:79 - create IPUIPlugin
2022-11-22 14:13:52,904 [INFO] IPUIPlugin:79 - create IPUIPlugin
2022-11-22 14:13:52,905 [INFO] IPUIPlugin:79 - create IPUIPlugin
2022-11-22 14:13:52,905 [INFO] IPUIPlugin:79 - create IPUIPlugin
2022-11-22 14:13:52,905 [INFO] IPUIPlugin:79 - create IPUIPlugin
2022-11-22 14:13:52,905 [INFO] IPUIPlugin:79 - create IPUIPlugin
2022-11-22 14:13:52,906 [INFO] IPUIPlugin:79 - create IPUIPlugin
2022-11-22 14:13:52,907 [INFO] IPUIPlugin:79 - create IPUIPlugin
2022-11-22 14:13:52,908 [INFO] IPUIPlugin:79 - create IPUIPlugin
2022-11-22 14:13:52,909 [INFO] IPUIPlugin:79 - create IPUIPlugin
2022-11-22 14:13:52,910 [INFO] IPUIPlugin:79 - create IPUIPlugin
2022-11-22 14:13:52,911 [INFO] IPUIPlugin:79 - create IPUIPlugin
2022-11-22 14:13:52,911 [INFO] IPUIPlugin:79 - create IPUIPlugin
2022-11-22 14:13:52,912 [INFO] IPUIPlugin:79 - create IPUIPlugin
2022-11-22 14:13:52,912 [INFO] IPUIPlugin:79 - create IPUIPlugin
2022-11-22 14:13:52,913 [INFO] IPUIPlugin:79 - create IPUIPlugin
2022-11-22 14:13:52,913 [INFO] IPUIPlugin:79 - create IPUIPlugin
2022-11-22 14:13:52,914 [INFO] IPUIPlugin:79 - create IPUIPlugin
2022-11-22 14:13:52,914 [INFO] IPUIPlugin:79 - create IPUIPlugin
2022-11-22 14:13:52,915 [INFO] IPUIPlugin:79 - create IPUIPlugin
2022-11-22 14:13:52,916 [INFO] IPUIPlugin:79 - create IPUIPlugin
2022-11-22 14:13:52,918 [INFO] IPUIPlugin:79 - create IPUIPlugin
2022-11-22 14:13:53,053 [INFO] ApiDbMcu:505 - Load IP Config File for PDM2PCM
2022-11-22 14:13:53,690 [INFO] OpenFileManager:327 - Restore cursor
2022-11-22 14:13:55,425 [INFO] UtilMem:74 - End SaveConfig() Used Memory: 569568368 Bytes (723517440)
2022-11-22 14:13:55,553 [INFO] UtilMem:74 - End SaveConfig() Used Memory: 594734192 Bytes (723517440)
2022-11-22 14:13:56,063 [INFO] BlockDiagram:2753 - set Specific Code input for plugin: SYS
2022-11-22 14:13:56,063 [INFO] BlockDiagram:2753 - set Specific Code input for plugin: RCC
2022-11-22 14:13:56,063 [INFO] BlockDiagram:2753 - set Specific Code input for plugin: USB_OTG_FS
2022-11-22 14:13:56,063 [INFO] BlockDiagram:2753 - set Specific Code input for plugin: NVIC
2022-11-22 14:13:56,063 [INFO] BlockDiagram:2753 - set Specific Code input for plugin: USART
2022-11-22 14:13:56,064 [INFO] BlockDiagram:2753 - set Specific Code input for plugin: GPIO
2022-11-22 14:13:56,064 [INFO] BlockDiagram:2753 - set Specific Code input for plugin: ETH
2022-11-22 14:13:56,083 [INFO] CodeGenerator:690 - code generatio: config db path: C:\ST\STM32CubeIDE_1.10.1\STM32CubeIDE\plugins\com.st.stm32cube.common.mx_6.6.1.202207061420\\db\
2022-11-22 14:13:56,532 [INFO] CodeEngine:245 - oldGeneratedFile, C:\Users\yoojihyeon\STM32CubeIDE\workspace_IAP_BL\IAP_BL\MXTmpFiles\license.tmp_save
2022-11-22 14:13:56,896 [INFO] CodeEngine:269 - Generated code: C:\Users\yoojihyeon\STM32CubeIDE\workspace_IAP_BL\IAP_BL\MXTmpFiles\license.tmp
2022-11-22 14:13:57,027 [INFO] CodeEngine:245 - oldGeneratedFile, C:\Users\yoojihyeon\STM32CubeIDE\workspace_IAP_BL\IAP_BL\MXTmpFiles\gpio.tmp_save
2022-11-22 14:13:57,202 [INFO] CodeEngine:269 - Generated code: C:\Users\yoojihyeon\STM32CubeIDE\workspace_IAP_BL\IAP_BL\MXTmpFiles\gpio.tmp
2022-11-22 14:13:57,480 [WARN] IPConfigManager:2910 - Warning: the RefConfig PWREx_EnableUSBVoltageDetector is not available in your config.xml file
2022-11-22 14:13:57,502 [INFO] CodeEngine:245 - oldGeneratedFile, C:\Users\yoojihyeon\STM32CubeIDE\workspace_IAP_BL\IAP_BL\Core\Src\stm32f4xx_it.c_save
2022-11-22 14:13:57,649 [INFO] CodeEngine:269 - Generated code: C:\Users\yoojihyeon\STM32CubeIDE\workspace_IAP_BL\IAP_BL\Core\Src\stm32f4xx_it.c
2022-11-22 14:13:57,658 [INFO] CodeEngine:245 - oldGeneratedFile, C:\Users\yoojihyeon\STM32CubeIDE\workspace_IAP_BL\IAP_BL\Core\Inc\stm32f4xx_it.h_save
2022-11-22 14:13:57,790 [INFO] CodeEngine:269 - Generated code: C:\Users\yoojihyeon\STM32CubeIDE\workspace_IAP_BL\IAP_BL\Core\Inc\stm32f4xx_it.h
2022-11-22 14:13:57,811 [INFO] CodeEngine:245 - oldGeneratedFile, C:\Users\yoojihyeon\STM32CubeIDE\workspace_IAP_BL\IAP_BL\Core\Src\stm32f4xx_hal_msp.c_save
2022-11-22 14:13:57,959 [INFO] CodeEngine:269 - Generated code: C:\Users\yoojihyeon\STM32CubeIDE\workspace_IAP_BL\IAP_BL\Core\Src\stm32f4xx_hal_msp.c
2022-11-22 14:13:57,968 [INFO] CodeEngine:245 - oldGeneratedFile, C:\Users\yoojihyeon\STM32CubeIDE\workspace_IAP_BL\IAP_BL\MXTmpFiles\system.tmp_save
2022-11-22 14:13:58,046 [INFO] CodeEngine:269 - Generated code: C:\Users\yoojihyeon\STM32CubeIDE\workspace_IAP_BL\IAP_BL\MXTmpFiles\system.tmp
2022-11-22 14:13:58,057 [INFO] CodeEngine:245 - oldGeneratedFile, C:\Users\yoojihyeon\STM32CubeIDE\workspace_IAP_BL\IAP_BL\Core\Inc\stm32f4xx_hal_conf.h_save
2022-11-22 14:13:58,180 [INFO] CodeEngine:269 - Generated code: C:\Users\yoojihyeon\STM32CubeIDE\workspace_IAP_BL\IAP_BL\Core\Inc\stm32f4xx_hal_conf.h
2022-11-22 14:13:58,215 [WARN] IPConfigManager:3348 - IP not found : USB_OTG
2022-11-22 14:13:58,216 [WARN] CodeGenerator:3567 - IP not found : null
2022-11-22 14:13:58,225 [INFO] CodeEngine:245 - oldGeneratedFile, C:\Users\yoojihyeon\STM32CubeIDE\workspace_IAP_BL\IAP_BL\Core\Inc\main.h_save
2022-11-22 14:13:58,314 [INFO] CodeEngine:269 - Generated code: C:\Users\yoojihyeon\STM32CubeIDE\workspace_IAP_BL\IAP_BL\Core\Inc\main.h
2022-11-22 14:13:58,320 [INFO] CodeEngine:245 - oldGeneratedFile, C:\Users\yoojihyeon\STM32CubeIDE\workspace_IAP_BL\IAP_BL\Core\Src\main.c_save
2022-11-22 14:13:58,515 [INFO] CodeEngine:269 - Generated code: C:\Users\yoojihyeon\STM32CubeIDE\workspace_IAP_BL\IAP_BL\Core\Src\main.c
2022-11-22 14:14:00,946 [INFO] ProjectBuilder:2919 - Time for Copy HAL[1] : 674mS.
2022-11-22 14:14:00,993 [INFO] ProjectBuilder:4117 - Project Generator version: 3.17.1
2022-11-22 14:14:02,256 [INFO] ConfigFileManager:1394 - The Die is : DIE419
2022-11-22 14:14:02,283 [INFO] ApiDbMcu:505 - Load IP Config File for FATFS
2022-11-22 14:14:02,299 [INFO] ApiDbMcu:505 - Load IP Config File for FREERTOS
2022-11-22 14:14:02,308 [INFO] ApiDbMcu:505 - Load IP Config File for LIBJPEG
2022-11-22 14:14:02,330 [INFO] ApiDbMcu:505 - Load IP Config File for LWIP
2022-11-22 14:14:02,353 [INFO] ApiDbMcu:505 - Load IP Config File for MBEDTLS
2022-11-22 14:14:02,386 [INFO] ApiDbMcu:505 - Load IP Config File for USB_DEVICE
2022-11-22 14:14:02,398 [INFO] ApiDbMcu:505 - Load IP Config File for USB_HOST
2022-11-22 14:14:10,779 [INFO] ProjectBuilder:4285 - Time for Generating toolchain IDE Files: 9786mS.
2022-11-22 14:14:10,784 [INFO] ProjectBuilder:2790 - Time for Copy CMSIS : 3mS.
2022-11-22 14:14:10,798 [INFO] ProjectBuilder:2790 - Time for Copy CMSIS : 0mS.
2022-11-22 14:14:12,130 [INFO] McuFinderGlobals:57 - Set McuFinderConnectedMode to true
2022-11-22 14:14:12,132 [INFO] ApiDb:443 - Save user favorites file C:\Users\yoojihyeon/.stm32cubeide/favorites.mcus.txt: 0 item(s)
2022-11-22 14:14:12,132 [INFO] ApiDb:447 - User favorites MCUs=[]
2022-11-22 14:14:12,135 [INFO] ApiDb:443 - Save user favorites file C:\Users\yoojihyeon/.stm32cubeide/favorites.boards.txt: 0 item(s)
2022-11-22 14:14:12,135 [INFO] ApiDb:447 - User favorites Boards=[]
2022-11-22 14:15:11,199 [INFO] UtilMem:74 - End SaveConfig() Used Memory: 804966760 Bytes (959447040)
2022-11-22 14:15:11,628 [INFO] BlockDiagram:2753 - set Specific Code input for plugin: SYS
2022-11-22 14:15:11,629 [INFO] BlockDiagram:2753 - set Specific Code input for plugin: RCC
2022-11-22 14:15:11,629 [INFO] BlockDiagram:2753 - set Specific Code input for plugin: USB_OTG_FS
2022-11-22 14:15:11,629 [INFO] BlockDiagram:2753 - set Specific Code input for plugin: NVIC
2022-11-22 14:15:11,629 [INFO] BlockDiagram:2753 - set Specific Code input for plugin: USART
2022-11-22 14:15:11,630 [INFO] BlockDiagram:2753 - set Specific Code input for plugin: GPIO
2022-11-22 14:15:11,630 [INFO] BlockDiagram:2753 - set Specific Code input for plugin: ETH
2022-11-22 14:15:11,632 [INFO] CodeGenerator:690 - code generatio: config db path: C:\ST\STM32CubeIDE_1.10.1\STM32CubeIDE\plugins\com.st.stm32cube.common.mx_6.6.1.202207061420\\db\
2022-11-22 14:15:11,839 [INFO] CodeEngine:245 - oldGeneratedFile, C:\Users\yoojihyeon\STM32CubeIDE\workspace_IAP_BL\IAP_BL\MXTmpFiles\license.tmp_save
2022-11-22 14:15:11,911 [INFO] CodeEngine:269 - Generated code: C:\Users\yoojihyeon\STM32CubeIDE\workspace_IAP_BL\IAP_BL\MXTmpFiles\license.tmp
2022-11-22 14:15:12,015 [INFO] CodeEngine:245 - oldGeneratedFile, C:\Users\yoojihyeon\STM32CubeIDE\workspace_IAP_BL\IAP_BL\MXTmpFiles\gpio.tmp_save
2022-11-22 14:15:12,103 [INFO] CodeEngine:269 - Generated code: C:\Users\yoojihyeon\STM32CubeIDE\workspace_IAP_BL\IAP_BL\MXTmpFiles\gpio.tmp
2022-11-22 14:15:12,210 [WARN] IPConfigManager:2910 - Warning: the RefConfig PWREx_EnableUSBVoltageDetector is not available in your config.xml file
2022-11-22 14:15:12,234 [INFO] CodeEngine:245 - oldGeneratedFile, C:\Users\yoojihyeon\STM32CubeIDE\workspace_IAP_BL\IAP_BL\Core\Src\stm32f4xx_it.c_save
2022-11-22 14:15:12,353 [INFO] CodeEngine:269 - Generated code: C:\Users\yoojihyeon\STM32CubeIDE\workspace_IAP_BL\IAP_BL\Core\Src\stm32f4xx_it.c
2022-11-22 14:15:12,363 [INFO] CodeEngine:245 - oldGeneratedFile, C:\Users\yoojihyeon\STM32CubeIDE\workspace_IAP_BL\IAP_BL\Core\Inc\stm32f4xx_it.h_save
2022-11-22 14:15:12,424 [INFO] CodeEngine:269 - Generated code: C:\Users\yoojihyeon\STM32CubeIDE\workspace_IAP_BL\IAP_BL\Core\Inc\stm32f4xx_it.h
2022-11-22 14:15:12,440 [INFO] CodeEngine:245 - oldGeneratedFile, C:\Users\yoojihyeon\STM32CubeIDE\workspace_IAP_BL\IAP_BL\Core\Src\stm32f4xx_hal_msp.c_save
2022-11-22 14:15:12,545 [INFO] CodeEngine:269 - Generated code: C:\Users\yoojihyeon\STM32CubeIDE\workspace_IAP_BL\IAP_BL\Core\Src\stm32f4xx_hal_msp.c
2022-11-22 14:15:12,554 [INFO] CodeEngine:245 - oldGeneratedFile, C:\Users\yoojihyeon\STM32CubeIDE\workspace_IAP_BL\IAP_BL\MXTmpFiles\system.tmp_save
2022-11-22 14:15:12,610 [INFO] CodeEngine:269 - Generated code: C:\Users\yoojihyeon\STM32CubeIDE\workspace_IAP_BL\IAP_BL\MXTmpFiles\system.tmp
2022-11-22 14:15:12,629 [INFO] CodeEngine:245 - oldGeneratedFile, C:\Users\yoojihyeon\STM32CubeIDE\workspace_IAP_BL\IAP_BL\Core\Inc\stm32f4xx_hal_conf.h_save
2022-11-22 14:15:12,723 [INFO] CodeEngine:269 - Generated code: C:\Users\yoojihyeon\STM32CubeIDE\workspace_IAP_BL\IAP_BL\Core\Inc\stm32f4xx_hal_conf.h
2022-11-22 14:15:12,741 [WARN] IPConfigManager:3348 - IP not found : USB_OTG
2022-11-22 14:15:12,742 [WARN] CodeGenerator:3567 - IP not found : null
2022-11-22 14:15:12,752 [INFO] CodeEngine:245 - oldGeneratedFile, C:\Users\yoojihyeon\STM32CubeIDE\workspace_IAP_BL\IAP_BL\Core\Inc\main.h_save
2022-11-22 14:15:12,844 [INFO] CodeEngine:269 - Generated code: C:\Users\yoojihyeon\STM32CubeIDE\workspace_IAP_BL\IAP_BL\Core\Inc\main.h
2022-11-22 14:15:12,854 [INFO] CodeEngine:245 - oldGeneratedFile, C:\Users\yoojihyeon\STM32CubeIDE\workspace_IAP_BL\IAP_BL\Core\Src\main.c_save
2022-11-22 14:15:12,939 [INFO] CodeEngine:269 - Generated code: C:\Users\yoojihyeon\STM32CubeIDE\workspace_IAP_BL\IAP_BL\Core\Src\main.c
2022-11-22 14:15:13,647 [INFO] ProjectBuilder:2919 - Time for Copy HAL[1] : 275mS.
2022-11-22 14:15:13,652 [INFO] ProjectBuilder:4117 - Project Generator version: 3.17.1
2022-11-22 14:15:13,946 [INFO] ConfigFileManager:1394 - The Die is : DIE419
2022-11-22 14:15:15,152 [INFO] ProjectBuilder:4285 - Time for Generating toolchain IDE Files: 1500mS.
2022-11-22 14:15:15,154 [INFO] ProjectBuilder:2790 - Time for Copy CMSIS : 1mS.
2022-11-22 14:15:15,160 [INFO] ProjectBuilder:2790 - Time for Copy CMSIS : 0mS.
2022-11-22 14:19:07,866 [INFO] NvicIntPanel:100 - NVIC parent = com.st.microxplorer.plugins.ip.nvic.MultiNvicIntPanel[,0,0,0x0,invalid,layout=javax.swing.BoxLayout,alignmentX=0.0,alignmentY=0.0,border=,flags=9,maximumSize=,minimumSize=,preferredSize=]
2022-11-22 14:19:10,388 [INFO] NvicIntPanel:100 - NVIC parent = com.st.microxplorer.plugins.ip.nvic.MultiNvicIntPanel[,0,0,0x0,invalid,layout=javax.swing.BoxLayout,alignmentX=0.0,alignmentY=0.0,border=,flags=9,maximumSize=,minimumSize=,preferredSize=]
2022-11-22 14:19:20,517 [INFO] NvicIntPanel:100 - NVIC parent = com.st.microxplorer.plugins.ip.nvic.MultiNvicIntPanel[,0,0,0x0,invalid,layout=javax.swing.BoxLayout,alignmentX=0.0,alignmentY=0.0,border=,flags=9,maximumSize=,minimumSize=,preferredSize=]
2022-11-22 14:19:30,611 [INFO] UtilMem:74 - End SaveConfig() Used Memory: 762945440 Bytes (1006632960)
2022-11-22 14:19:31,809 [INFO] UtilMem:74 - End SaveConfig() Used Memory: 790734752 Bytes (1006632960)
2022-11-22 14:19:32,353 [INFO] UtilMem:74 - End SaveConfig() Used Memory: 658262320 Bytes (1006632960)
2022-11-22 14:19:32,704 [INFO] BlockDiagram:2753 - set Specific Code input for plugin: SYS
2022-11-22 14:19:32,705 [INFO] BlockDiagram:2753 - set Specific Code input for plugin: RCC
2022-11-22 14:19:32,705 [INFO] BlockDiagram:2753 - set Specific Code input for plugin: USB_OTG_FS
2022-11-22 14:19:32,705 [INFO] BlockDiagram:2753 - set Specific Code input for plugin: NVIC
2022-11-22 14:19:32,705 [INFO] BlockDiagram:2753 - set Specific Code input for plugin: USART
2022-11-22 14:19:32,705 [INFO] BlockDiagram:2753 - set Specific Code input for plugin: GPIO
2022-11-22 14:19:32,705 [INFO] BlockDiagram:2753 - set Specific Code input for plugin: ETH
2022-11-22 14:19:32,707 [INFO] CodeGenerator:690 - code generatio: config db path: C:\ST\STM32CubeIDE_1.10.1\STM32CubeIDE\plugins\com.st.stm32cube.common.mx_6.6.1.202207061420\\db\
2022-11-22 14:19:32,934 [INFO] CodeEngine:245 - oldGeneratedFile, C:\Users\yoojihyeon\STM32CubeIDE\workspace_IAP_BL\IAP_BL\MXTmpFiles\license.tmp_save
2022-11-22 14:19:33,039 [INFO] CodeEngine:269 - Generated code: C:\Users\yoojihyeon\STM32CubeIDE\workspace_IAP_BL\IAP_BL\MXTmpFiles\license.tmp
2022-11-22 14:19:33,079 [INFO] CodeEngine:245 - oldGeneratedFile, C:\Users\yoojihyeon\STM32CubeIDE\workspace_IAP_BL\IAP_BL\MXTmpFiles\gpio.tmp_save
2022-11-22 14:19:33,155 [INFO] CodeEngine:269 - Generated code: C:\Users\yoojihyeon\STM32CubeIDE\workspace_IAP_BL\IAP_BL\MXTmpFiles\gpio.tmp
2022-11-22 14:19:33,305 [WARN] IPConfigManager:2910 - Warning: the RefConfig PWREx_EnableUSBVoltageDetector is not available in your config.xml file
2022-11-22 14:19:33,328 [INFO] CodeEngine:245 - oldGeneratedFile, C:\Users\yoojihyeon\STM32CubeIDE\workspace_IAP_BL\IAP_BL\Core\Src\stm32f4xx_it.c_save
2022-11-22 14:19:33,409 [INFO] CodeEngine:269 - Generated code: C:\Users\yoojihyeon\STM32CubeIDE\workspace_IAP_BL\IAP_BL\Core\Src\stm32f4xx_it.c
2022-11-22 14:19:33,418 [INFO] CodeEngine:245 - oldGeneratedFile, C:\Users\yoojihyeon\STM32CubeIDE\workspace_IAP_BL\IAP_BL\Core\Inc\stm32f4xx_it.h_save
2022-11-22 14:19:33,478 [INFO] CodeEngine:269 - Generated code: C:\Users\yoojihyeon\STM32CubeIDE\workspace_IAP_BL\IAP_BL\Core\Inc\stm32f4xx_it.h
2022-11-22 14:19:33,493 [INFO] CodeEngine:245 - oldGeneratedFile, C:\Users\yoojihyeon\STM32CubeIDE\workspace_IAP_BL\IAP_BL\Core\Src\stm32f4xx_hal_msp.c_save
2022-11-22 14:19:33,597 [INFO] CodeEngine:269 - Generated code: C:\Users\yoojihyeon\STM32CubeIDE\workspace_IAP_BL\IAP_BL\Core\Src\stm32f4xx_hal_msp.c
2022-11-22 14:19:33,604 [INFO] CodeEngine:245 - oldGeneratedFile, C:\Users\yoojihyeon\STM32CubeIDE\workspace_IAP_BL\IAP_BL\MXTmpFiles\system.tmp_save
2022-11-22 14:19:33,655 [INFO] CodeEngine:269 - Generated code: C:\Users\yoojihyeon\STM32CubeIDE\workspace_IAP_BL\IAP_BL\MXTmpFiles\system.tmp
2022-11-22 14:19:33,669 [INFO] CodeEngine:245 - oldGeneratedFile, C:\Users\yoojihyeon\STM32CubeIDE\workspace_IAP_BL\IAP_BL\Core\Inc\stm32f4xx_hal_conf.h_save
2022-11-22 14:19:33,736 [INFO] CodeEngine:269 - Generated code: C:\Users\yoojihyeon\STM32CubeIDE\workspace_IAP_BL\IAP_BL\Core\Inc\stm32f4xx_hal_conf.h
2022-11-22 14:19:33,750 [WARN] IPConfigManager:3348 - IP not found : USB_OTG
2022-11-22 14:19:33,751 [WARN] CodeGenerator:3567 - IP not found : null
2022-11-22 14:19:33,762 [INFO] CodeEngine:245 - oldGeneratedFile, C:\Users\yoojihyeon\STM32CubeIDE\workspace_IAP_BL\IAP_BL\Core\Inc\main.h_save
2022-11-22 14:19:33,827 [INFO] CodeEngine:269 - Generated code: C:\Users\yoojihyeon\STM32CubeIDE\workspace_IAP_BL\IAP_BL\Core\Inc\main.h
2022-11-22 14:19:33,835 [INFO] CodeEngine:245 - oldGeneratedFile, C:\Users\yoojihyeon\STM32CubeIDE\workspace_IAP_BL\IAP_BL\Core\Src\main.c_save
2022-11-22 14:19:33,960 [INFO] CodeEngine:269 - Generated code: C:\Users\yoojihyeon\STM32CubeIDE\workspace_IAP_BL\IAP_BL\Core\Src\main.c
2022-11-22 14:19:34,777 [INFO] ProjectBuilder:2919 - Time for Copy HAL[1] : 339mS.
2022-11-22 14:19:34,783 [INFO] ProjectBuilder:4117 - Project Generator version: 3.17.1
2022-11-22 14:19:34,976 [INFO] ConfigFileManager:1394 - The Die is : DIE419
2022-11-22 14:19:36,246 [INFO] ProjectBuilder:4285 - Time for Generating toolchain IDE Files: 1463mS.
2022-11-22 14:19:36,249 [INFO] ProjectBuilder:2790 - Time for Copy CMSIS : 1mS.
2022-11-22 14:19:36,257 [INFO] ProjectBuilder:2790 - Time for Copy CMSIS : 0mS.
2022-11-22 14:24:07,967 [INFO] Gpio:272 - dependency for GPIO [ETH, RCC, SYS, USART3, USB_OTG_FS]
2022-11-22 14:24:22,781 [INFO] NvicIntPanel:100 - NVIC parent = com.st.microxplorer.plugins.ip.nvic.MultiNvicIntPanel[,2,48,514x657,layout=javax.swing.BoxLayout,alignmentX=0.0,alignmentY=0.0,border=,flags=9,maximumSize=,minimumSize=,preferredSize=]
2022-11-24 16:50:18,709 [INFO] Activator:177 - 


2022-11-24 16:50:18,709 [INFO] Activator:178 - !SESSION log4j initialized
